<?xml version="1.0" encoding="UTF-8"?>
<coverage generated="1658780880803" clover="3.2.0">
  <project timestamp="1658780880803" name="All files">
    <metrics statements="376" coveredstatements="374" conditionals="42" coveredconditionals="39" methods="110" coveredmethods="110" elements="528" coveredelements="523" complexity="0" loc="376" ncloc="376" packages="3" files="13" classes="13"/>
    <package name="src">
      <metrics statements="212" coveredstatements="210" conditionals="24" coveredconditionals="21" methods="66" coveredmethods="66"/>
      <file name="aptos_account.ts" path="/Users/dport/a/core/ecosystem/typescript/sdk/v0/src/aptos_account.ts">
        <metrics statements="23" coveredstatements="23" conditionals="5" coveredconditionals="5" methods="8" coveredmethods="8"/>
        <line num="1" count="4" type="stmt"/>
        <line num="2" count="4" type="stmt"/>
        <line num="3" count="4" type="stmt"/>
        <line num="4" count="4" type="stmt"/>
        <line num="16" count="4" type="stmt"/>
        <line num="30" count="4" type="stmt"/>
        <line num="42" count="24" type="cond" truecount="2" falsecount="0"/>
        <line num="43" count="4" type="stmt"/>
        <line num="45" count="20" type="stmt"/>
        <line num="47" count="24" type="cond" truecount="2" falsecount="0"/>
        <line num="57" count="89" type="stmt"/>
        <line num="67" count="24" type="cond" truecount="1" falsecount="0"/>
        <line num="68" count="21" type="stmt"/>
        <line num="69" count="21" type="stmt"/>
        <line num="70" count="21" type="stmt"/>
        <line num="71" count="21" type="stmt"/>
        <line num="73" count="24" type="stmt"/>
        <line num="82" count="15" type="stmt"/>
        <line num="91" count="15" type="stmt"/>
        <line num="92" count="15" type="stmt"/>
        <line num="101" count="10" type="stmt"/>
        <line num="102" count="10" type="stmt"/>
        <line num="119" count="1" type="stmt"/>
      </file>
      <file name="aptos_client.ts" path="/Users/dport/a/core/ecosystem/typescript/sdk/v0/src/aptos_client.ts">
        <metrics statements="112" coveredstatements="110" conditionals="14" coveredconditionals="12" methods="31" coveredmethods="31"/>
        <line num="2" count="3" type="stmt"/>
        <line num="3" count="3" type="stmt"/>
        <line num="4" count="3" type="stmt"/>
        <line num="5" count="3" type="stmt"/>
        <line num="6" count="3" type="stmt"/>
        <line num="7" count="3" type="stmt"/>
        <line num="8" count="3" type="stmt"/>
        <line num="11" count="3" type="stmt"/>
        <line num="13" count="3" type="stmt"/>
        <line num="15" count="3" type="stmt"/>
        <line num="21" count="4" type="stmt"/>
        <line num="22" count="8" type="stmt"/>
        <line num="23" count="4" type="cond" truecount="4" falsecount="0"/>
        <line num="24" count="4" type="stmt"/>
        <line num="25" count="4" type="stmt"/>
        <line num="26" count="4" type="stmt"/>
        <line num="32" count="3" type="stmt"/>
        <line num="37" count="175" type="cond" truecount="1" falsecount="0"/>
        <line num="38" count="4" type="cond" truecount="1" falsecount="0"/>
        <line num="39" count="2" type="stmt"/>
        <line num="41" count="2" type="stmt"/>
        <line num="49" count="3" type="stmt"/>
        <line num="70" count="21" type="stmt"/>
        <line num="73" count="21" type="stmt"/>
        <line num="76" count="171" type="stmt"/>
        <line num="81" count="21" type="stmt"/>
        <line num="82" count="21" type="stmt"/>
        <line num="83" count="21" type="stmt"/>
        <line num="84" count="21" type="stmt"/>
        <line num="100" count="15" type="stmt"/>
        <line num="101" count="15" type="stmt"/>
        <line num="102" count="15" type="stmt"/>
        <line num="117" count="1" type="stmt"/>
        <line num="118" count="1" type="stmt"/>
        <line num="119" count="1" type="stmt"/>
        <line num="134" count="1" type="stmt"/>
        <line num="135" count="1" type="stmt"/>
        <line num="136" count="1" type="stmt"/>
        <line num="153" count="1" type="stmt"/>
        <line num="154" count="1" type="stmt"/>
        <line num="155" count="1" type="stmt"/>
        <line num="175" count="21" type="stmt"/>
        <line num="176" count="21" type="stmt"/>
        <line num="177" count="21" type="stmt"/>
        <line num="199" count="10" type="stmt"/>
        <line num="204" count="10" type="stmt"/>
        <line num="205" count="10" type="stmt"/>
        <line num="210" count="1" type="stmt"/>
        <line num="212" count="1" type="stmt"/>
        <line num="213" count="1" type="stmt"/>
        <line num="216" count="1" type="stmt"/>
        <line num="222" count="1" type="stmt"/>
        <line num="224" count="1" type="stmt"/>
        <line num="225" count="1" type="stmt"/>
        <line num="228" count="1" type="stmt"/>
        <line num="255" count="10" type="stmt"/>
        <line num="256" count="10" type="stmt"/>
        <line num="257" count="10" type="stmt"/>
        <line num="278" count="9" type="stmt"/>
        <line num="279" count="9" type="stmt"/>
        <line num="281" count="9" type="stmt"/>
        <line num="282" count="9" type="stmt"/>
        <line num="295" count="9" type="stmt"/>
        <line num="296" count="9" type="stmt"/>
        <line num="298" count="9" type="stmt"/>
        <line num="304" count="9" type="stmt"/>
        <line num="314" count="1" type="stmt"/>
        <line num="315" count="1" type="stmt"/>
        <line num="316" count="1" type="stmt"/>
        <line num="338" count="2" type="stmt"/>
        <line num="344" count="2" type="stmt"/>
        <line num="345" count="2" type="stmt"/>
        <line num="354" count="9" type="stmt"/>
        <line num="355" count="9" type="stmt"/>
        <line num="356" count="9" type="stmt"/>
        <line num="364" count="1" type="stmt"/>
        <line num="371" count="1" type="stmt"/>
        <line num="372" count="1" type="stmt"/>
        <line num="373" count="1" type="stmt"/>
        <line num="374" count="1" type="stmt"/>
        <line num="384" count="3" type="stmt"/>
        <line num="386" count="3" type="stmt"/>
        <line num="395" count="3" type="stmt"/>
        <line num="396" count="3" type="stmt"/>
        <line num="406" count="1" type="stmt"/>
        <line num="408" count="1" type="stmt"/>
        <line num="417" count="1" type="stmt"/>
        <line num="418" count="1" type="stmt"/>
        <line num="429" count="1" type="stmt"/>
        <line num="430" count="1" type="stmt"/>
        <line num="431" count="1" type="stmt"/>
        <line num="444" count="5" type="stmt"/>
        <line num="445" count="5" type="stmt"/>
        <line num="446" count="5" type="stmt"/>
        <line num="462" count="74" type="stmt"/>
        <line num="464" count="74" type="cond" truecount="0" falsecount="1"/>
        <line num="465" count="0" type="stmt"/>
        <line num="467" count="74" type="stmt"/>
        <line num="468" count="74" type="stmt"/>
        <line num="485" count="37" type="stmt"/>
        <line num="487" count="37" type="stmt"/>
        <line num="489" count="37" type="stmt"/>
        <line num="490" count="37" type="stmt"/>
        <line num="491" count="37" type="cond" truecount="0" falsecount="1"/>
        <line num="492" count="0" type="stmt"/>
        <line num="512" count="5" type="stmt"/>
        <line num="518" count="5" type="stmt"/>
        <line num="526" count="3" type="cond" truecount="1" falsecount="0"/>
        <line num="527" count="4" type="stmt"/>
        <line num="528" count="4" type="stmt"/>
        <line num="543" count="10" type="stmt"/>
        <line num="544" count="10" type="stmt"/>
      </file>
      <file name="faucet_client.ts" path="/Users/dport/a/core/ecosystem/typescript/sdk/v0/src/faucet_client.ts">
        <metrics statements="16" coveredstatements="16" conditionals="0" coveredconditionals="0" methods="3" coveredmethods="3"/>
        <line num="2" count="3" type="stmt"/>
        <line num="3" count="3" type="stmt"/>
        <line num="5" count="3" type="stmt"/>
        <line num="10" count="3" type="stmt"/>
        <line num="21" count="7" type="stmt"/>
        <line num="22" count="7" type="stmt"/>
        <line num="33" count="14" type="stmt"/>
        <line num="34" count="14" type="stmt"/>
        <line num="35" count="14" type="stmt"/>
        <line num="37" count="14" type="stmt"/>
        <line num="38" count="14" type="stmt"/>
        <line num="39" count="14" type="stmt"/>
        <line num="40" count="25" type="stmt"/>
        <line num="41" count="25" type="stmt"/>
        <line num="43" count="14" type="stmt"/>
        <line num="44" count="14" type="stmt"/>
      </file>
      <file name="hex_string.ts" path="/Users/dport/a/core/ecosystem/typescript/sdk/v0/src/hex_string.ts">
        <metrics statements="17" coveredstatements="17" conditionals="3" coveredconditionals="3" methods="10" coveredmethods="10"/>
        <line num="1" count="10" type="stmt"/>
        <line num="11" count="10" type="stmt"/>
        <line num="21" count="7" type="stmt"/>
        <line num="30" count="6" type="stmt"/>
        <line num="46" count="1400" type="cond" truecount="1" falsecount="0"/>
        <line num="47" count="1224" type="stmt"/>
        <line num="49" count="176" type="stmt"/>
        <line num="63" count="2403" type="cond" truecount="2" falsecount="0"/>
        <line num="64" count="81" type="stmt"/>
        <line num="66" count="2322" type="stmt"/>
        <line num="75" count="151" type="stmt"/>
        <line num="88" count="3589" type="stmt"/>
        <line num="96" count="8" type="stmt"/>
        <line num="108" count="10" type="stmt"/>
        <line num="109" count="10" type="stmt"/>
        <line num="117" count="2301" type="stmt"/>
        <line num="125" count="2289" type="stmt"/>
      </file>
      <file name="token_client.ts" path="/Users/dport/a/core/ecosystem/typescript/sdk/v0/src/token_client.ts">
        <metrics statements="41" coveredstatements="41" conditionals="2" coveredconditionals="1" methods="12" coveredmethods="12"/>
        <line num="4" count="2" type="stmt"/>
        <line num="9" count="2" type="stmt"/>
        <line num="17" count="2" type="stmt"/>
        <line num="27" count="8" type="stmt"/>
        <line num="30" count="8" type="stmt"/>
        <line num="31" count="8" type="stmt"/>
        <line num="32" count="8" type="stmt"/>
        <line num="33" count="8" type="stmt"/>
        <line num="50" count="2" type="stmt"/>
        <line num="60" count="2" type="stmt"/>
        <line num="61" count="2" type="stmt"/>
        <line num="84" count="2" type="stmt"/>
        <line num="98" count="2" type="stmt"/>
        <line num="99" count="2" type="stmt"/>
        <line num="120" count="2" type="stmt"/>
        <line num="132" count="2" type="stmt"/>
        <line num="133" count="2" type="stmt"/>
        <line num="152" count="1" type="stmt"/>
        <line num="158" count="1" type="stmt"/>
        <line num="159" count="1" type="stmt"/>
        <line num="178" count="1" type="stmt"/>
        <line num="184" count="1" type="stmt"/>
        <line num="185" count="1" type="stmt"/>
        <line num="209" count="1" type="stmt"/>
        <line num="210" count="5" type="stmt"/>
        <line num="211" count="1" type="stmt"/>
        <line num="212" count="1" type="stmt"/>
        <line num="218" count="1" type="stmt"/>
        <line num="219" count="1" type="stmt"/>
        <line num="246" count="1" type="stmt"/>
        <line num="250" count="1" type="stmt"/>
        <line num="251" count="1" type="stmt"/>
        <line num="257" count="1" type="stmt"/>
        <line num="263" count="1" type="stmt"/>
        <line num="264" count="1" type="stmt"/>
        <line num="272" count="6" type="stmt"/>
        <line num="301" count="7" type="stmt"/>
        <line num="305" count="7" type="stmt"/>
        <line num="307" count="7" type="stmt"/>
        <line num="313" count="7" type="stmt"/>
        <line num="314" count="7" type="stmt"/>
      </file>
      <file name="util.ts" path="/Users/dport/a/core/ecosystem/typescript/sdk/v0/src/util.ts">
        <metrics statements="3" coveredstatements="3" conditionals="0" coveredconditionals="0" methods="2" coveredmethods="2"/>
        <line num="5" count="3" type="stmt"/>
        <line num="6" count="37" type="stmt"/>
        <line num="7" count="37" type="stmt"/>
      </file>
    </package>
    <package name="src.transaction_builder">
      <metrics statements="35" coveredstatements="35" conditionals="4" coveredconditionals="4" methods="8" coveredmethods="8"/>
      <file name="builder.ts" path="/Users/dport/a/core/ecosystem/typescript/sdk/v0/src/transaction_builder/builder.ts">
        <metrics statements="32" coveredstatements="32" conditionals="4" coveredconditionals="4" methods="8" coveredmethods="8"/>
        <line num="1" count="5" type="stmt"/>
        <line num="2" count="5" type="stmt"/>
        <line num="3" count="5" type="stmt"/>
        <line num="15" count="5" type="stmt"/>
        <line num="17" count="5" type="stmt"/>
        <line num="18" count="5" type="stmt"/>
        <line num="28" count="5" type="stmt"/>
        <line num="32" count="311" type="stmt"/>
        <line num="37" count="314" type="stmt"/>
        <line num="38" count="314" type="cond" truecount="2" falsecount="0"/>
        <line num="39" count="311" type="stmt"/>
        <line num="40" count="3" type="cond" truecount="2" falsecount="0"/>
        <line num="41" count="2" type="stmt"/>
        <line num="43" count="1" type="stmt"/>
        <line num="46" count="313" type="stmt"/>
        <line num="48" count="313" type="stmt"/>
        <line num="55" count="5" type="stmt"/>
        <line num="59" count="310" type="stmt"/>
        <line num="60" count="310" type="stmt"/>
        <line num="64" count="310" type="stmt"/>
        <line num="65" count="310" type="stmt"/>
        <line num="67" count="310" type="stmt"/>
        <line num="72" count="310" type="stmt"/>
        <line num="77" count="310" type="stmt"/>
        <line num="84" count="5" type="stmt"/>
        <line num="88" count="1" type="stmt"/>
        <line num="89" count="1" type="stmt"/>
        <line num="93" count="1" type="stmt"/>
        <line num="94" count="1" type="stmt"/>
        <line num="96" count="1" type="stmt"/>
        <line num="98" count="1" type="stmt"/>
        <line num="103" count="1" type="stmt"/>
      </file>
      <file name="index.ts" path="/Users/dport/a/core/ecosystem/typescript/sdk/v0/src/transaction_builder/index.ts">
        <metrics statements="3" coveredstatements="3" conditionals="0" coveredconditionals="0" methods="0" coveredmethods="0"/>
        <line num="1" count="4" type="stmt"/>
        <line num="2" count="4" type="stmt"/>
        <line num="3" count="4" type="stmt"/>
      </file>
    </package>
    <package name="src.transaction_builder.bcs">
      <metrics statements="129" coveredstatements="129" conditionals="14" coveredconditionals="14" methods="36" coveredmethods="36"/>
      <file name="consts.ts" path="/Users/dport/a/core/ecosystem/typescript/sdk/v0/src/transaction_builder/bcs/consts.ts">
        <metrics statements="5" coveredstatements="5" conditionals="0" coveredconditionals="0" methods="0" coveredmethods="0"/>
        <line num="4" count="8" type="stmt"/>
        <line num="5" count="8" type="stmt"/>
        <line num="6" count="8" type="stmt"/>
        <line num="7" count="8" type="stmt"/>
        <line num="8" count="8" type="stmt"/>
      </file>
      <file name="deserializer.ts" path="/Users/dport/a/core/ecosystem/typescript/sdk/v0/src/transaction_builder/bcs/deserializer.ts">
        <metrics statements="40" coveredstatements="40" conditionals="6" coveredconditionals="6" methods="12" coveredmethods="12"/>
        <line num="2" count="7" type="stmt"/>
        <line num="5" count="7" type="stmt"/>
        <line num="12" count="23" type="stmt"/>
        <line num="13" count="23" type="stmt"/>
        <line num="14" count="23" type="stmt"/>
        <line num="18" count="50" type="cond" truecount="1" falsecount="0"/>
        <line num="19" count="1" type="stmt"/>
        <line num="22" count="49" type="stmt"/>
        <line num="23" count="49" type="stmt"/>
        <line num="24" count="49" type="stmt"/>
        <line num="42" count="4" type="stmt"/>
        <line num="43" count="3" type="stmt"/>
        <line num="44" count="3" type="stmt"/>
        <line num="54" count="6" type="stmt"/>
        <line num="55" count="5" type="stmt"/>
        <line num="63" count="4" type="stmt"/>
        <line num="72" count="3" type="stmt"/>
        <line num="73" count="3" type="cond" truecount="3" falsecount="0"/>
        <line num="74" count="1" type="stmt"/>
        <line num="76" count="2" type="stmt"/>
        <line num="85" count="22" type="stmt"/>
        <line num="99" count="2" type="stmt"/>
        <line num="113" count="14" type="stmt"/>
        <line num="127" count="6" type="stmt"/>
        <line num="128" count="6" type="stmt"/>
        <line num="131" count="6" type="stmt"/>
        <line num="140" count="2" type="stmt"/>
        <line num="141" count="2" type="stmt"/>
        <line num="144" count="2" type="stmt"/>
        <line num="153" count="10" type="stmt"/>
        <line num="154" count="10" type="stmt"/>
        <line num="156" count="10" type="stmt"/>
        <line num="157" count="21" type="stmt"/>
        <line num="158" count="20" type="stmt"/>
        <line num="160" count="20" type="cond" truecount="1" falsecount="0"/>
        <line num="161" count="9" type="stmt"/>
        <line num="163" count="11" type="stmt"/>
        <line num="166" count="9" type="cond" truecount="1" falsecount="0"/>
        <line num="167" count="1" type="stmt"/>
        <line num="170" count="8" type="stmt"/>
      </file>
      <file name="helper.ts" path="/Users/dport/a/core/ecosystem/typescript/sdk/v0/src/transaction_builder/bcs/helper.ts">
        <metrics statements="23" coveredstatements="23" conditionals="0" coveredconditionals="0" methods="6" coveredmethods="6"/>
        <line num="2" count="6" type="stmt"/>
        <line num="12" count="6" type="stmt"/>
        <line num="13" count="2346" type="stmt"/>
        <line num="14" count="2346" type="stmt"/>
        <line num="15" count="3064" type="stmt"/>
        <line num="22" count="6" type="stmt"/>
        <line num="23" count="1" type="stmt"/>
        <line num="24" count="1" type="stmt"/>
        <line num="25" count="1" type="stmt"/>
        <line num="26" count="2" type="stmt"/>
        <line num="28" count="1" type="stmt"/>
        <line num="31" count="6" type="stmt"/>
        <line num="32" count="633" type="stmt"/>
        <line num="33" count="633" type="stmt"/>
        <line num="34" count="633" type="stmt"/>
        <line num="37" count="6" type="stmt"/>
        <line num="38" count="7" type="stmt"/>
        <line num="39" count="7" type="stmt"/>
        <line num="40" count="7" type="stmt"/>
        <line num="43" count="6" type="stmt"/>
        <line num="44" count="2" type="stmt"/>
        <line num="45" count="2" type="stmt"/>
        <line num="46" count="2" type="stmt"/>
      </file>
      <file name="index.ts" path="/Users/dport/a/core/ecosystem/typescript/sdk/v0/src/transaction_builder/bcs/index.ts">
        <metrics statements="4" coveredstatements="4" conditionals="0" coveredconditionals="0" methods="0" coveredmethods="0"/>
        <line num="1" count="6" type="stmt"/>
        <line num="2" count="6" type="stmt"/>
        <line num="3" count="6" type="stmt"/>
        <line num="4" count="6" type="stmt"/>
      </file>
      <file name="serializer.ts" path="/Users/dport/a/core/ecosystem/typescript/sdk/v0/src/transaction_builder/bcs/serializer.ts">
        <metrics statements="57" coveredstatements="57" conditionals="8" coveredconditionals="8" methods="18" coveredmethods="18"/>
        <line num="2" count="7" type="stmt"/>
        <line num="5" count="7" type="stmt"/>
        <line num="11" count="674" type="stmt"/>
        <line num="12" count="674" type="stmt"/>
        <line num="16" count="28358" type="stmt"/>
        <line num="17" count="1664" type="stmt"/>
        <line num="18" count="1664" type="stmt"/>
        <line num="19" count="1664" type="stmt"/>
        <line num="24" count="22248" type="stmt"/>
        <line num="25" count="22248" type="stmt"/>
        <line num="26" count="22248" type="stmt"/>
        <line num="34" count="6110" type="stmt"/>
        <line num="35" count="6110" type="stmt"/>
        <line num="36" count="6110" type="stmt"/>
        <line num="37" count="6110" type="stmt"/>
        <line num="56" count="3450" type="stmt"/>
        <line num="57" count="3450" type="stmt"/>
        <line num="67" count="5528" type="stmt"/>
        <line num="68" count="5528" type="stmt"/>
        <line num="77" count="2499" type="stmt"/>
        <line num="86" count="177" type="cond" truecount="1" falsecount="0"/>
        <line num="87" count="1" type="stmt"/>
        <line num="89" count="176" type="cond" truecount="2" falsecount="0"/>
        <line num="90" count="176" type="stmt"/>
        <line num="99" count="7" type="stmt"/>
        <line num="100" count="788" type="stmt"/>
        <line num="115" count="7" type="stmt"/>
        <line num="116" count="2" type="stmt"/>
        <line num="131" count="7" type="stmt"/>
        <line num="132" count="6108" type="stmt"/>
        <line num="147" count="7" type="stmt"/>
        <line num="148" count="3053" type="stmt"/>
        <line num="149" count="3053" type="stmt"/>
        <line num="152" count="3053" type="stmt"/>
        <line num="153" count="3053" type="stmt"/>
        <line num="162" count="7" type="stmt"/>
        <line num="163" count="174" type="stmt"/>
        <line num="164" count="174" type="stmt"/>
        <line num="167" count="174" type="stmt"/>
        <line num="168" count="174" type="stmt"/>
        <line num="177" count="7" type="stmt"/>
        <line num="178" count="13257" type="stmt"/>
        <line num="179" count="13257" type="stmt"/>
        <line num="180" count="13257" type="stmt"/>
        <line num="181" count="4" type="stmt"/>
        <line num="182" count="4" type="stmt"/>
        <line num="184" count="13257" type="stmt"/>
        <line num="185" count="13257" type="stmt"/>
        <line num="192" count="661" type="stmt"/>
        <line num="203" count="42" type="stmt"/>
        <line num="204" count="42" type="stmt"/>
        <line num="206" count="42" type="stmt"/>
        <line num="207" count="23394" type="stmt"/>
        <line num="208" count="23394" type="cond" truecount="3" falsecount="0"/>
        <line num="209" count="12" type="cond" truecount="2" falsecount="0"/>
        <line num="211" count="23382" type="stmt"/>
        <line num="213" count="42" type="stmt"/>
      </file>
    </package>
  </project>
</coverage>
