{"/Users/dport/a/core/ecosystem/typescript/sdk/v0/src/aptos_account.ts": {"path":"/Users/dport/a/core/ecosystem/typescript/sdk/v0/src/aptos_account.ts","statementMap":{"0":{"start":{"line":1,"column":0},"end":{"line":1,"column":34}},"1":{"start":{"line":2,"column":0},"end":{"line":2,"column":32}},"2":{"start":{"line":3,"column":0},"end":{"line":3,"column":33}},"3":{"start":{"line":4,"column":0},"end":{"line":4,"column":57}},"4":{"start":{"line":42,"column":4},"end":{"line":46,"column":null}},"5":{"start":{"line":43,"column":6},"end":{"line":43,"column":81}},"6":{"start":{"line":45,"column":6},"end":{"line":45,"column":44}},"7":{"start":{"line":47,"column":4},"end":{"line":47,"column":76}},"8":{"start":{"line":30,"column":4},"end":{"line":30,"column":93}},"9":{"start":{"line":57,"column":4},"end":{"line":57,"column":31}},"10":{"start":{"line":67,"column":4},"end":{"line":72,"column":null}},"11":{"start":{"line":68,"column":19},"end":{"line":68,"column":41}},"12":{"start":{"line":69,"column":6},"end":{"line":69,"column":58}},"13":{"start":{"line":70,"column":6},"end":{"line":70,"column":26}},"14":{"start":{"line":71,"column":6},"end":{"line":71,"column":53}},"15":{"start":{"line":73,"column":4},"end":{"line":73,"column":30}},"16":{"start":{"line":82,"column":4},"end":{"line":82,"column":84}},"17":{"start":{"line":91,"column":22},"end":{"line":91,"column":66}},"18":{"start":{"line":92,"column":4},"end":{"line":92,"column":82}},"19":{"start":{"line":101,"column":19},"end":{"line":101,"column":57}},"20":{"start":{"line":102,"column":4},"end":{"line":102,"column":35}},"21":{"start":{"line":119,"column":4},"end":{"line":123,"column":6}},"22":{"start":{"line":16,"column":0},"end":{"line":16,"column":13}}},"fnMap":{"0":{"name":"(anonymous_6)","decl":{"start":{"line":41,"column":2},"end":{"line":41,"column":14}},"loc":{"start":{"line":41,"column":80},"end":{"line":48,"column":3}}},"1":{"name":"(anonymous_7)","decl":{"start":{"line":29,"column":2},"end":{"line":29,"column":8}},"loc":{"start":{"line":29,"column":55},"end":{"line":31,"column":3}}},"2":{"name":"(anonymous_8)","decl":{"start":{"line":56,"column":2},"end":{"line":56,"column":9}},"loc":{"start":{"line":56,"column":9},"end":{"line":58,"column":3}}},"3":{"name":"(anonymous_9)","decl":{"start":{"line":66,"column":2},"end":{"line":66,"column":9}},"loc":{"start":{"line":66,"column":9},"end":{"line":74,"column":3}}},"4":{"name":"(anonymous_10)","decl":{"start":{"line":81,"column":2},"end":{"line":81,"column":8}},"loc":{"start":{"line":81,"column":8},"end":{"line":83,"column":3}}},"5":{"name":"(anonymous_11)","decl":{"start":{"line":90,"column":2},"end":{"line":90,"column":12}},"loc":{"start":{"line":90,"column":27},"end":{"line":93,"column":3}}},"6":{"name":"(anonymous_12)","decl":{"start":{"line":100,"column":2},"end":{"line":100,"column":15}},"loc":{"start":{"line":100,"column":41},"end":{"line":103,"column":3}}},"7":{"name":"(anonymous_13)","decl":{"start":{"line":118,"column":2},"end":{"line":118,"column":20}},"loc":{"start":{"line":118,"column":20},"end":{"line":124,"column":3}}}},"branchMap":{"0":{"loc":{"start":{"line":42,"column":4},"end":{"line":46,"column":null}},"type":"if","locations":[{"start":{"line":42,"column":4},"end":{"line":46,"column":null}},{"start":{"line":44,"column":11},"end":{"line":46,"column":null}}]},"1":{"loc":{"start":{"line":47,"column":43},"end":{"line":47,"column":74}},"type":"binary-expr","locations":[{"start":{"line":47,"column":43},"end":{"line":47,"column":50}},{"start":{"line":47,"column":54},"end":{"line":47,"column":74}}]},"2":{"loc":{"start":{"line":67,"column":4},"end":{"line":72,"column":null}},"type":"if","locations":[{"start":{"line":67,"column":4},"end":{"line":72,"column":null}}]}},"s":{"0":4,"1":4,"2":4,"3":4,"4":24,"5":4,"6":20,"7":24,"8":4,"9":89,"10":24,"11":21,"12":21,"13":21,"14":21,"15":24,"16":15,"17":15,"18":15,"19":10,"20":10,"21":1,"22":4},"f":{"0":24,"1":4,"2":89,"3":24,"4":15,"5":15,"6":10,"7":1},"b":{"0":[4,20],"1":[24,20],"2":[21]}}
,"/Users/dport/a/core/ecosystem/typescript/sdk/v0/src/aptos_client.ts": {"path":"/Users/dport/a/core/ecosystem/typescript/sdk/v0/src/aptos_client.ts","statementMap":{"0":{"start":{"line":2,"column":0},"end":{"line":2,"column":53}},"1":{"start":{"line":3,"column":0},"end":{"line":3,"column":42}},"2":{"start":{"line":4,"column":0},"end":{"line":4,"column":38}},"3":{"start":{"line":5,"column":0},"end":{"line":5,"column":50}},"4":{"start":{"line":6,"column":0},"end":{"line":6,"column":62}},"5":{"start":{"line":7,"column":0},"end":{"line":7,"column":57}},"6":{"start":{"line":8,"column":0},"end":{"line":8,"column":31}},"7":{"start":{"line":11,"column":0},"end":{"line":11,"column":38}},"8":{"start":{"line":13,"column":0},"end":{"line":13,"column":83}},"9":{"start":{"line":21,"column":17},"end":{"line":21,"column":46}},"10":{"start":{"line":22,"column":24},"end":{"line":22,"column":100}},"11":{"start":{"line":22,"column":87},"end":{"line":22,"column":90}},"12":{"start":{"line":23,"column":4},"end":{"line":23,"column":116}},"13":{"start":{"line":24,"column":4},"end":{"line":24,"column":29}},"14":{"start":{"line":25,"column":4},"end":{"line":25,"column":35}},"15":{"start":{"line":26,"column":4},"end":{"line":26,"column":54}},"16":{"start":{"line":15,"column":0},"end":{"line":15,"column":13}},"17":{"start":{"line":37,"column":2},"end":{"line":42,"column":null}},"18":{"start":{"line":38,"column":4},"end":{"line":40,"column":null}},"19":{"start":{"line":39,"column":6},"end":{"line":39,"column":92}},"20":{"start":{"line":41,"column":4},"end":{"line":41,"column":58}},"21":{"start":{"line":32,"column":0},"end":{"line":32,"column":16}},"22":{"start":{"line":70,"column":4},"end":{"line":70,"column":27}},"23":{"start":{"line":73,"column":4},"end":{"line":78,"column":7}},"24":{"start":{"line":76,"column":28},"end":{"line":76,"column":32}},"25":{"start":{"line":81,"column":4},"end":{"line":81,"column":46}},"26":{"start":{"line":82,"column":4},"end":{"line":82,"column":42}},"27":{"start":{"line":83,"column":4},"end":{"line":83,"column":42}},"28":{"start":{"line":84,"column":4},"end":{"line":84,"column":54}},"29":{"start":{"line":100,"column":21},"end":{"line":100,"column":91}},"30":{"start":{"line":101,"column":4},"end":{"line":101,"column":34}},"31":{"start":{"line":102,"column":4},"end":{"line":102,"column":25}},"32":{"start":{"line":117,"column":21},"end":{"line":117,"column":110}},"33":{"start":{"line":118,"column":4},"end":{"line":118,"column":34}},"34":{"start":{"line":119,"column":4},"end":{"line":119,"column":25}},"35":{"start":{"line":134,"column":21},"end":{"line":134,"column":105}},"36":{"start":{"line":135,"column":4},"end":{"line":135,"column":34}},"37":{"start":{"line":136,"column":4},"end":{"line":136,"column":25}},"38":{"start":{"line":153,"column":21},"end":{"line":153,"column":116}},"39":{"start":{"line":154,"column":4},"end":{"line":154,"column":34}},"40":{"start":{"line":155,"column":4},"end":{"line":155,"column":25}},"41":{"start":{"line":175,"column":21},"end":{"line":175,"column":107}},"42":{"start":{"line":176,"column":4},"end":{"line":176,"column":34}},"43":{"start":{"line":177,"column":4},"end":{"line":177,"column":25}},"44":{"start":{"line":199,"column":21},"end":{"line":202,"column":null}},"45":{"start":{"line":204,"column":4},"end":{"line":204,"column":34}},"46":{"start":{"line":205,"column":4},"end":{"line":205,"column":25}},"47":{"start":{"line":210,"column":23},"end":{"line":214,"column":43}},"48":{"start":{"line":212,"column":24},"end":{"line":212,"column":62}},"49":{"start":{"line":213,"column":6},"end":{"line":213,"column":76}},"50":{"start":{"line":216,"column":4},"end":{"line":216,"column":35}},"51":{"start":{"line":222,"column":23},"end":{"line":226,"column":43}},"52":{"start":{"line":224,"column":30},"end":{"line":224,"column":48}},"53":{"start":{"line":225,"column":6},"end":{"line":225,"column":67}},"54":{"start":{"line":228,"column":4},"end":{"line":228,"column":35}},"55":{"start":{"line":255,"column":26},"end":{"line":255,"column":50}},"56":{"start":{"line":256,"column":20},"end":{"line":256,"column":56}},"57":{"start":{"line":257,"column":4},"end":{"line":267,"column":6}},"58":{"start":{"line":278,"column":21},"end":{"line":278,"column":77}},"59":{"start":{"line":279,"column":4},"end":{"line":279,"column":46}},"60":{"start":{"line":281,"column":24},"end":{"line":281,"column":37}},"61":{"start":{"line":282,"column":4},"end":{"line":282,"column":19}},"62":{"start":{"line":295,"column":20},"end":{"line":295,"column":63}},"63":{"start":{"line":296,"column":25},"end":{"line":296,"column":72}},"64":{"start":{"line":298,"column":61},"end":{"line":302,"column":6}},"65":{"start":{"line":304,"column":4},"end":{"line":304,"column":62}},"66":{"start":{"line":314,"column":21},"end":{"line":314,"column":68}},"67":{"start":{"line":315,"column":4},"end":{"line":315,"column":59}},"68":{"start":{"line":316,"column":4},"end":{"line":316,"column":25}},"69":{"start":{"line":338,"column":21},"end":{"line":342,"column":null}},"70":{"start":{"line":344,"column":4},"end":{"line":344,"column":77}},"71":{"start":{"line":345,"column":4},"end":{"line":345,"column":25}},"72":{"start":{"line":354,"column":21},"end":{"line":354,"column":80}},"73":{"start":{"line":355,"column":4},"end":{"line":355,"column":52}},"74":{"start":{"line":356,"column":4},"end":{"line":356,"column":25}},"75":{"start":{"line":364,"column":61},"end":{"line":369,"column":6}},"76":{"start":{"line":371,"column":20},"end":{"line":371,"column":70}},"77":{"start":{"line":372,"column":21},"end":{"line":372,"column":73}},"78":{"start":{"line":373,"column":4},"end":{"line":373,"column":43}},"79":{"start":{"line":374,"column":4},"end":{"line":374,"column":28}},"80":{"start":{"line":384,"column":23},"end":{"line":384,"column":45}},"81":{"start":{"line":386,"column":21},"end":{"line":393,"column":6}},"82":{"start":{"line":395,"column":4},"end":{"line":395,"column":45}},"83":{"start":{"line":396,"column":4},"end":{"line":396,"column":25}},"84":{"start":{"line":406,"column":23},"end":{"line":406,"column":45}},"85":{"start":{"line":408,"column":21},"end":{"line":415,"column":6}},"86":{"start":{"line":417,"column":4},"end":{"line":417,"column":43}},"87":{"start":{"line":418,"column":4},"end":{"line":418,"column":28}},"88":{"start":{"line":429,"column":21},"end":{"line":429,"column":67}},"89":{"start":{"line":430,"column":4},"end":{"line":430,"column":34}},"90":{"start":{"line":431,"column":4},"end":{"line":431,"column":25}},"91":{"start":{"line":444,"column":21},"end":{"line":444,"column":77}},"92":{"start":{"line":445,"column":4},"end":{"line":445,"column":56}},"93":{"start":{"line":446,"column":4},"end":{"line":446,"column":25}},"94":{"start":{"line":462,"column":21},"end":{"line":462,"column":68}},"95":{"start":{"line":464,"column":4},"end":{"line":466,"column":null}},"96":{"start":{"line":465,"column":6},"end":{"line":465,"column":18}},"97":{"start":{"line":467,"column":4},"end":{"line":467,"column":43}},"98":{"start":{"line":468,"column":4},"end":{"line":468,"column":56}},"99":{"start":{"line":485,"column":16},"end":{"line":485,"column":17}},"100":{"start":{"line":487,"column":4},"end":{"line":494,"column":null}},"101":{"start":{"line":489,"column":6},"end":{"line":489,"column":24}},"102":{"start":{"line":490,"column":6},"end":{"line":490,"column":17}},"103":{"start":{"line":491,"column":6},"end":{"line":493,"column":null}},"104":{"start":{"line":492,"column":8},"end":{"line":492,"column":73}},"105":{"start":{"line":512,"column":19},"end":{"line":517,"column":6}},"106":{"start":{"line":518,"column":4},"end":{"line":518,"column":23}},"107":{"start":{"line":527,"column":19},"end":{"line":527,"column":51}},"108":{"start":{"line":528,"column":4},"end":{"line":528,"column":27}},"109":{"start":{"line":543,"column":22},"end":{"line":543,"column":74}},"110":{"start":{"line":544,"column":4},"end":{"line":544,"column":21}},"111":{"start":{"line":526,"column":2},"end":{"line":529,"column":null}},"112":{"start":{"line":49,"column":0},"end":{"line":49,"column":13}}},"fnMap":{"0":{"name":"(anonymous_1)","decl":{"start":{"line":20,"column":2},"end":{"line":20,"column":14}},"loc":{"start":{"line":20,"column":101},"end":{"line":27,"column":3}}},"1":{"name":"(anonymous_2)","decl":{"start":{"line":22,"column":80},"end":{"line":22,"column":81}},"loc":{"start":{"line":22,"column":87},"end":{"line":22,"column":90}}},"2":{"name":"raiseForStatus","decl":{"start":{"line":32,"column":16},"end":{"line":32,"column":30}},"loc":{"start":{"line":35,"column":22},"end":{"line":43,"column":1}}},"3":{"name":"(anonymous_4)","decl":{"start":{"line":69,"column":2},"end":{"line":69,"column":14}},"loc":{"start":{"line":69,"column":57},"end":{"line":85,"column":3}}},"4":{"name":"(anonymous_5)","decl":{"start":{"line":76,"column":22},"end":{"line":76,"column":25}},"loc":{"start":{"line":76,"column":28},"end":{"line":76,"column":32}}},"5":{"name":"(anonymous_6)","decl":{"start":{"line":99,"column":2},"end":{"line":99,"column":7}},"loc":{"start":{"line":99,"column":49},"end":{"line":103,"column":3}}},"6":{"name":"(anonymous_7)","decl":{"start":{"line":113,"column":2},"end":{"line":113,"column":7}},"loc":{"start":{"line":115,"column":46},"end":{"line":120,"column":3}}},"7":{"name":"(anonymous_8)","decl":{"start":{"line":130,"column":2},"end":{"line":130,"column":7}},"loc":{"start":{"line":132,"column":45},"end":{"line":137,"column":3}}},"8":{"name":"(anonymous_9)","decl":{"start":{"line":148,"column":2},"end":{"line":148,"column":7}},"loc":{"start":{"line":151,"column":45},"end":{"line":156,"column":3}}},"9":{"name":"(anonymous_10)","decl":{"start":{"line":171,"column":2},"end":{"line":171,"column":7}},"loc":{"start":{"line":173,"column":45},"end":{"line":178,"column":3}}},"10":{"name":"(anonymous_11)","decl":{"start":{"line":194,"column":2},"end":{"line":194,"column":7}},"loc":{"start":{"line":197,"column":45},"end":{"line":206,"column":3}}},"11":{"name":"(anonymous_12)","decl":{"start":{"line":209,"column":2},"end":{"line":209,"column":8}},"loc":{"start":{"line":209,"column":97},"end":{"line":217,"column":3}}},"12":{"name":"(anonymous_13)","decl":{"start":{"line":210,"column":53},"end":{"line":210,"column":54}},"loc":{"start":{"line":210,"column":104},"end":{"line":214,"column":5}}},"13":{"name":"(anonymous_14)","decl":{"start":{"line":220,"column":2},"end":{"line":220,"column":8}},"loc":{"start":{"line":220,"column":96},"end":{"line":229,"column":3}}},"14":{"name":"(anonymous_15)","decl":{"start":{"line":222,"column":53},"end":{"line":222,"column":54}},"loc":{"start":{"line":222,"column":105},"end":{"line":226,"column":5}}},"15":{"name":"(anonymous_16)","decl":{"start":{"line":250,"column":2},"end":{"line":250,"column":7}},"loc":{"start":{"line":253,"column":51},"end":{"line":268,"column":3}}},"16":{"name":"(anonymous_17)","decl":{"start":{"line":277,"column":2},"end":{"line":277,"column":7}},"loc":{"start":{"line":277,"column":69},"end":{"line":283,"column":3}}},"17":{"name":"(anonymous_18)","decl":{"start":{"line":291,"column":2},"end":{"line":291,"column":7}},"loc":{"start":{"line":293,"column":44},"end":{"line":305,"column":3}}},"18":{"name":"(anonymous_19)","decl":{"start":{"line":313,"column":2},"end":{"line":313,"column":7}},"loc":{"start":{"line":313,"column":59},"end":{"line":317,"column":3}}},"19":{"name":"(anonymous_20)","decl":{"start":{"line":332,"column":2},"end":{"line":332,"column":7}},"loc":{"start":{"line":336,"column":46},"end":{"line":346,"column":3}}},"20":{"name":"(anonymous_21)","decl":{"start":{"line":353,"column":2},"end":{"line":353,"column":7}},"loc":{"start":{"line":353,"column":74},"end":{"line":357,"column":3}}},"21":{"name":"(anonymous_22)","decl":{"start":{"line":360,"column":2},"end":{"line":360,"column":7}},"loc":{"start":{"line":362,"column":44},"end":{"line":375,"column":3}}},"22":{"name":"(anonymous_23)","decl":{"start":{"line":382,"column":2},"end":{"line":382,"column":7}},"loc":{"start":{"line":382,"column":56},"end":{"line":397,"column":3}}},"23":{"name":"(anonymous_24)","decl":{"start":{"line":404,"column":2},"end":{"line":404,"column":7}},"loc":{"start":{"line":404,"column":47},"end":{"line":419,"column":3}}},"24":{"name":"(anonymous_25)","decl":{"start":{"line":428,"column":2},"end":{"line":428,"column":7}},"loc":{"start":{"line":428,"column":66},"end":{"line":432,"column":3}}},"25":{"name":"(anonymous_26)","decl":{"start":{"line":443,"column":2},"end":{"line":443,"column":7}},"loc":{"start":{"line":443,"column":47},"end":{"line":447,"column":3}}},"26":{"name":"(anonymous_27)","decl":{"start":{"line":461,"column":2},"end":{"line":461,"column":7}},"loc":{"start":{"line":461,"column":57},"end":{"line":469,"column":3}}},"27":{"name":"(anonymous_28)","decl":{"start":{"line":484,"column":2},"end":{"line":484,"column":7}},"loc":{"start":{"line":484,"column":57},"end":{"line":495,"column":3}}},"28":{"name":"(anonymous_29)","decl":{"start":{"line":511,"column":2},"end":{"line":511,"column":7}},"loc":{"start":{"line":511,"column":48},"end":{"line":519,"column":3}}},"29":{"name":"(anonymous_30)","decl":{"start":{"line":526,"column":2},"end":{"line":526,"column":7}},"loc":{"start":{"line":526,"column":45},"end":{"line":529,"column":3}}},"30":{"name":"(anonymous_31)","decl":{"start":{"line":542,"column":2},"end":{"line":542,"column":7}},"loc":{"start":{"line":542,"column":89},"end":{"line":545,"column":3}}}},"branchMap":{"0":{"loc":{"start":{"line":23,"column":33},"end":{"line":23,"column":71}},"type":"cond-expr","locations":[{"start":{"line":23,"column":47},"end":{"line":23,"column":66}},{"start":{"line":23,"column":69},"end":{"line":23,"column":71}}]},"1":{"loc":{"start":{"line":23,"column":74},"end":{"line":23,"column":112}},"type":"cond-expr","locations":[{"start":{"line":23,"column":88},"end":{"line":23,"column":107}},{"start":{"line":23,"column":110},"end":{"line":23,"column":112}}]},"2":{"loc":{"start":{"line":37,"column":2},"end":{"line":42,"column":null}},"type":"if","locations":[{"start":{"line":37,"column":2},"end":{"line":42,"column":null}}]},"3":{"loc":{"start":{"line":38,"column":4},"end":{"line":40,"column":null}},"type":"if","locations":[{"start":{"line":38,"column":4},"end":{"line":40,"column":null}}]},"4":{"loc":{"start":{"line":77,"column":10},"end":{"line":77,"column":22}},"type":"binary-expr","locations":[{"start":{"line":77,"column":10},"end":{"line":77,"column":16}},{"start":{"line":77,"column":20},"end":{"line":77,"column":22}}]},"5":{"loc":{"start":{"line":266,"column":10},"end":{"line":266,"column":23}},"type":"binary-expr","locations":[{"start":{"line":266,"column":10},"end":{"line":266,"column":17}},{"start":{"line":266,"column":21},"end":{"line":266,"column":23}}]},"6":{"loc":{"start":{"line":464,"column":4},"end":{"line":466,"column":null}},"type":"if","locations":[{"start":{"line":464,"column":4},"end":{"line":466,"column":null}}]},"7":{"loc":{"start":{"line":491,"column":6},"end":{"line":493,"column":null}},"type":"if","locations":[{"start":{"line":491,"column":6},"end":{"line":493,"column":null}}]},"8":{"loc":{"start":{"line":511,"column":22},"end":{"line":511,"column":48}},"type":"default-arg","locations":[{"start":{"line":511,"column":46},"end":{"line":511,"column":48}}]},"9":{"loc":{"start":{"line":526,"column":19},"end":{"line":526,"column":45}},"type":"default-arg","locations":[{"start":{"line":526,"column":43},"end":{"line":526,"column":45}}]}},"s":{"0":3,"1":3,"2":3,"3":3,"4":3,"5":3,"6":3,"7":3,"8":3,"9":4,"10":4,"11":8,"12":4,"13":4,"14":4,"15":4,"16":3,"17":175,"18":4,"19":2,"20":2,"21":3,"22":21,"23":21,"24":171,"25":21,"26":21,"27":21,"28":21,"29":15,"30":15,"31":15,"32":1,"33":1,"34":1,"35":1,"36":1,"37":1,"38":1,"39":1,"40":1,"41":21,"42":21,"43":21,"44":10,"45":10,"46":10,"47":1,"48":1,"49":1,"50":1,"51":1,"52":1,"53":1,"54":1,"55":10,"56":10,"57":10,"58":9,"59":9,"60":9,"61":9,"62":9,"63":9,"64":9,"65":9,"66":1,"67":1,"68":1,"69":2,"70":2,"71":2,"72":9,"73":9,"74":9,"75":1,"76":1,"77":1,"78":1,"79":1,"80":3,"81":3,"82":3,"83":3,"84":1,"85":1,"86":1,"87":1,"88":1,"89":1,"90":1,"91":5,"92":5,"93":5,"94":74,"95":74,"96":0,"97":74,"98":74,"99":37,"100":37,"101":37,"102":37,"103":37,"104":0,"105":5,"106":5,"107":4,"108":4,"109":10,"110":10,"111":3,"112":3},"f":{"0":4,"1":8,"2":175,"3":21,"4":171,"5":15,"6":1,"7":1,"8":1,"9":21,"10":10,"11":1,"12":1,"13":1,"14":1,"15":10,"16":9,"17":9,"18":1,"19":2,"20":9,"21":1,"22":3,"23":1,"24":1,"25":5,"26":74,"27":37,"28":5,"29":4,"30":10},"b":{"0":[2,2],"1":[2,2],"2":[4],"3":[2],"4":[21,21],"5":[10,2],"6":[0],"7":[0],"8":[1],"9":[4]}}
,"/Users/dport/a/core/ecosystem/typescript/sdk/v0/src/faucet_client.ts": {"path":"/Users/dport/a/core/ecosystem/typescript/sdk/v0/src/faucet_client.ts","statementMap":{"0":{"start":{"line":2,"column":0},"end":{"line":2,"column":26}},"1":{"start":{"line":3,"column":0},"end":{"line":3,"column":80}},"2":{"start":{"line":5,"column":0},"end":{"line":5,"column":57}},"3":{"start":{"line":21,"column":4},"end":{"line":21,"column":27}},"4":{"start":{"line":22,"column":4},"end":{"line":22,"column":31}},"5":{"start":{"line":33,"column":16},"end":{"line":33,"column":105}},"6":{"start":{"line":34,"column":21},"end":{"line":34,"column":93}},"7":{"start":{"line":34,"column":86},"end":{"line":34,"column":90}},"8":{"start":{"line":35,"column":4},"end":{"line":35,"column":34}},"9":{"start":{"line":37,"column":22},"end":{"line":37,"column":35}},"10":{"start":{"line":38,"column":21},"end":{"line":38,"column":23}},"11":{"start":{"line":39,"column":4},"end":{"line":42,"column":null}},"12":{"start":{"line":39,"column":17},"end":{"line":39,"column":18}},"13":{"start":{"line":40,"column":22},"end":{"line":40,"column":34}},"14":{"start":{"line":41,"column":6},"end":{"line":41,"column":54}},"15":{"start":{"line":43,"column":4},"end":{"line":43,"column":32}},"16":{"start":{"line":44,"column":4},"end":{"line":44,"column":21}},"17":{"start":{"line":10,"column":0},"end":{"line":10,"column":13}}},"fnMap":{"0":{"name":"(anonymous_1)","decl":{"start":{"line":20,"column":2},"end":{"line":20,"column":14}},"loc":{"start":{"line":20,"column":76},"end":{"line":23,"column":3}}},"1":{"name":"(anonymous_2)","decl":{"start":{"line":32,"column":2},"end":{"line":32,"column":7}},"loc":{"start":{"line":32,"column":59},"end":{"line":45,"column":3}}},"2":{"name":"(anonymous_3)","decl":{"start":{"line":34,"column":80},"end":{"line":34,"column":83}},"loc":{"start":{"line":34,"column":86},"end":{"line":34,"column":90}}}},"branchMap":{},"s":{"0":3,"1":3,"2":3,"3":7,"4":7,"5":14,"6":14,"7":14,"8":14,"9":14,"10":14,"11":14,"12":14,"13":25,"14":25,"15":14,"16":14,"17":3},"f":{"0":7,"1":14,"2":14},"b":{}}
,"/Users/dport/a/core/ecosystem/typescript/sdk/v0/src/hex_string.ts": {"path":"/Users/dport/a/core/ecosystem/typescript/sdk/v0/src/hex_string.ts","statementMap":{"0":{"start":{"line":1,"column":0},"end":{"line":1,"column":33}},"1":{"start":{"line":63,"column":4},"end":{"line":67,"column":null}},"2":{"start":{"line":64,"column":6},"end":{"line":64,"column":33}},"3":{"start":{"line":66,"column":6},"end":{"line":66,"column":40}},"4":{"start":{"line":21,"column":4},"end":{"line":21,"column":49}},"5":{"start":{"line":30,"column":4},"end":{"line":30,"column":50}},"6":{"start":{"line":46,"column":4},"end":{"line":48,"column":null}},"7":{"start":{"line":47,"column":6},"end":{"line":47,"column":38}},"8":{"start":{"line":49,"column":4},"end":{"line":49,"column":21}},"9":{"start":{"line":75,"column":4},"end":{"line":75,"column":26}},"10":{"start":{"line":88,"column":4},"end":{"line":88,"column":35}},"11":{"start":{"line":96,"column":4},"end":{"line":96,"column":22}},"12":{"start":{"line":108,"column":20},"end":{"line":108,"column":55}},"13":{"start":{"line":109,"column":4},"end":{"line":109,"column":26}},"14":{"start":{"line":117,"column":4},"end":{"line":117,"column":47}},"15":{"start":{"line":125,"column":4},"end":{"line":125,"column":44}},"16":{"start":{"line":11,"column":0},"end":{"line":11,"column":13}}},"fnMap":{"0":{"name":"(anonymous_0)","decl":{"start":{"line":62,"column":2},"end":{"line":62,"column":14}},"loc":{"start":{"line":62,"column":55},"end":{"line":68,"column":3}}},"1":{"name":"(anonymous_1)","decl":{"start":{"line":20,"column":2},"end":{"line":20,"column":8}},"loc":{"start":{"line":20,"column":34},"end":{"line":22,"column":3}}},"2":{"name":"(anonymous_2)","decl":{"start":{"line":29,"column":2},"end":{"line":29,"column":8}},"loc":{"start":{"line":29,"column":39},"end":{"line":31,"column":3}}},"3":{"name":"(anonymous_3)","decl":{"start":{"line":45,"column":2},"end":{"line":45,"column":8}},"loc":{"start":{"line":45,"column":41},"end":{"line":50,"column":3}}},"4":{"name":"(anonymous_4)","decl":{"start":{"line":74,"column":2},"end":{"line":74,"column":5}},"loc":{"start":{"line":74,"column":5},"end":{"line":76,"column":3}}},"5":{"name":"(anonymous_5)","decl":{"start":{"line":87,"column":2},"end":{"line":87,"column":10}},"loc":{"start":{"line":87,"column":10},"end":{"line":89,"column":3}}},"6":{"name":"(anonymous_6)","decl":{"start":{"line":95,"column":2},"end":{"line":95,"column":10}},"loc":{"start":{"line":95,"column":10},"end":{"line":97,"column":3}}},"7":{"name":"(anonymous_7)","decl":{"start":{"line":107,"column":2},"end":{"line":107,"column":15}},"loc":{"start":{"line":107,"column":15},"end":{"line":110,"column":3}}},"8":{"name":"(anonymous_8)","decl":{"start":{"line":116,"column":2},"end":{"line":116,"column":10}},"loc":{"start":{"line":116,"column":10},"end":{"line":118,"column":3}}},"9":{"name":"(anonymous_9)","decl":{"start":{"line":124,"column":2},"end":{"line":124,"column":14}},"loc":{"start":{"line":124,"column":14},"end":{"line":126,"column":3}}}},"branchMap":{"0":{"loc":{"start":{"line":63,"column":4},"end":{"line":67,"column":null}},"type":"if","locations":[{"start":{"line":63,"column":4},"end":{"line":67,"column":null}},{"start":{"line":65,"column":11},"end":{"line":67,"column":null}}]},"1":{"loc":{"start":{"line":46,"column":4},"end":{"line":48,"column":null}},"type":"if","locations":[{"start":{"line":46,"column":4},"end":{"line":48,"column":null}}]}},"s":{"0":10,"1":2403,"2":81,"3":2322,"4":7,"5":6,"6":1400,"7":1224,"8":176,"9":151,"10":3589,"11":8,"12":10,"13":10,"14":2301,"15":2289,"16":10},"f":{"0":2403,"1":7,"2":6,"3":1400,"4":151,"5":3589,"6":8,"7":10,"8":2301,"9":2289},"b":{"0":[81,2322],"1":[1224]}}
,"/Users/dport/a/core/ecosystem/typescript/sdk/v0/src/token_client.ts": {"path":"/Users/dport/a/core/ecosystem/typescript/sdk/v0/src/token_client.ts","statementMap":{"0":{"start":{"line":4,"column":0},"end":{"line":4,"column":57}},"1":{"start":{"line":17,"column":4},"end":{"line":17,"column":35}},"2":{"start":{"line":27,"column":23},"end":{"line":29,"column":6}},"3":{"start":{"line":30,"column":22},"end":{"line":30,"column":81}},"4":{"start":{"line":31,"column":16},"end":{"line":31,"column":67}},"5":{"start":{"line":32,"column":4},"end":{"line":32,"column":56}},"6":{"start":{"line":33,"column":4},"end":{"line":33,"column":37}},"7":{"start":{"line":50,"column":46},"end":{"line":59,"column":6}},"8":{"start":{"line":60,"column":28},"end":{"line":60,"column":80}},"9":{"start":{"line":61,"column":4},"end":{"line":61,"column":27}},"10":{"start":{"line":84,"column":46},"end":{"line":97,"column":6}},"11":{"start":{"line":98,"column":28},"end":{"line":98,"column":80}},"12":{"start":{"line":99,"column":4},"end":{"line":99,"column":27}},"13":{"start":{"line":120,"column":46},"end":{"line":131,"column":6}},"14":{"start":{"line":132,"column":28},"end":{"line":132,"column":80}},"15":{"start":{"line":133,"column":4},"end":{"line":133,"column":27}},"16":{"start":{"line":152,"column":46},"end":{"line":157,"column":6}},"17":{"start":{"line":158,"column":28},"end":{"line":158,"column":80}},"18":{"start":{"line":159,"column":4},"end":{"line":159,"column":27}},"19":{"start":{"line":178,"column":46},"end":{"line":183,"column":6}},"20":{"start":{"line":184,"column":28},"end":{"line":184,"column":80}},"21":{"start":{"line":185,"column":4},"end":{"line":185,"column":27}},"22":{"start":{"line":209,"column":22},"end":{"line":209,"column":73}},"23":{"start":{"line":210,"column":57},"end":{"line":210,"column":116}},"24":{"start":{"line":210,"column":79},"end":{"line":210,"column":115}},"25":{"start":{"line":211,"column":43},"end":{"line":211,"column":75}},"26":{"start":{"line":212,"column":66},"end":{"line":216,"column":6}},"27":{"start":{"line":218,"column":28},"end":{"line":218,"column":102}},"28":{"start":{"line":219,"column":4},"end":{"line":219,"column":27}},"29":{"start":{"line":246,"column":52},"end":{"line":248,"column":null}},"30":{"start":{"line":250,"column":23},"end":{"line":250,"column":49}},"31":{"start":{"line":251,"column":20},"end":{"line":255,"column":6}},"32":{"start":{"line":257,"column":61},"end":{"line":261,"column":6}},"33":{"start":{"line":263,"column":22},"end":{"line":263,"column":91}},"34":{"start":{"line":264,"column":4},"end":{"line":264,"column":26}},"35":{"start":{"line":272,"column":4},"end":{"line":276,"column":7}},"36":{"start":{"line":301,"column":52},"end":{"line":303,"column":null}},"37":{"start":{"line":305,"column":23},"end":{"line":305,"column":45}},"38":{"start":{"line":307,"column":61},"end":{"line":311,"column":6}},"39":{"start":{"line":313,"column":22},"end":{"line":313,"column":91}},"40":{"start":{"line":314,"column":4},"end":{"line":314,"column":26}},"41":{"start":{"line":9,"column":0},"end":{"line":9,"column":13}}},"fnMap":{"0":{"name":"(anonymous_0)","decl":{"start":{"line":16,"column":2},"end":{"line":16,"column":14}},"loc":{"start":{"line":16,"column":38},"end":{"line":18,"column":3}}},"1":{"name":"(anonymous_1)","decl":{"start":{"line":26,"column":2},"end":{"line":26,"column":7}},"loc":{"start":{"line":26,"column":88},"end":{"line":34,"column":3}}},"2":{"name":"(anonymous_2)","decl":{"start":{"line":44,"column":2},"end":{"line":44,"column":7}},"loc":{"start":{"line":48,"column":15},"end":{"line":62,"column":3}}},"3":{"name":"(anonymous_3)","decl":{"start":{"line":75,"column":2},"end":{"line":75,"column":7}},"loc":{"start":{"line":82,"column":38},"end":{"line":100,"column":3}}},"4":{"name":"(anonymous_4)","decl":{"start":{"line":112,"column":2},"end":{"line":112,"column":7}},"loc":{"start":{"line":118,"column":18},"end":{"line":134,"column":3}}},"5":{"name":"(anonymous_5)","decl":{"start":{"line":145,"column":2},"end":{"line":145,"column":7}},"loc":{"start":{"line":150,"column":16},"end":{"line":160,"column":3}}},"6":{"name":"(anonymous_6)","decl":{"start":{"line":171,"column":2},"end":{"line":171,"column":7}},"loc":{"start":{"line":176,"column":16},"end":{"line":186,"column":3}}},"7":{"name":"(anonymous_7)","decl":{"start":{"line":208,"column":2},"end":{"line":208,"column":7}},"loc":{"start":{"line":208,"column":73},"end":{"line":220,"column":3}}},"8":{"name":"(anonymous_8)","decl":{"start":{"line":210,"column":72},"end":{"line":210,"column":73}},"loc":{"start":{"line":210,"column":79},"end":{"line":210,"column":115}}},"9":{"name":"(anonymous_9)","decl":{"start":{"line":245,"column":2},"end":{"line":245,"column":7}},"loc":{"start":{"line":245,"column":87},"end":{"line":265,"column":3}}},"10":{"name":"(anonymous_10)","decl":{"start":{"line":271,"column":2},"end":{"line":271,"column":7}},"loc":{"start":{"line":271,"column":90},"end":{"line":277,"column":3}}},"11":{"name":"(anonymous_11)","decl":{"start":{"line":300,"column":2},"end":{"line":300,"column":7}},"loc":{"start":{"line":300,"column":81},"end":{"line":315,"column":3}}}},"branchMap":{"0":{"loc":{"start":{"line":273,"column":15},"end":{"line":273,"column":69}},"type":"cond-expr","locations":[{"start":{"line":273,"column":46},"end":{"line":273,"column":59}},{"start":{"line":273,"column":62},"end":{"line":273,"column":69}}]}},"s":{"0":2,"1":2,"2":8,"3":8,"4":8,"5":8,"6":8,"7":2,"8":2,"9":2,"10":2,"11":2,"12":2,"13":2,"14":2,"15":2,"16":1,"17":1,"18":1,"19":1,"20":1,"21":1,"22":1,"23":1,"24":5,"25":1,"26":1,"27":1,"28":1,"29":1,"30":1,"31":1,"32":1,"33":1,"34":1,"35":6,"36":7,"37":7,"38":7,"39":7,"40":7,"41":2},"f":{"0":2,"1":8,"2":2,"3":2,"4":2,"5":1,"6":1,"7":1,"8":5,"9":1,"10":6,"11":7},"b":{"0":[0,6]}}
,"/Users/dport/a/core/ecosystem/typescript/sdk/v0/src/util.ts": {"path":"/Users/dport/a/core/ecosystem/typescript/sdk/v0/src/util.ts","statementMap":{"0":{"start":{"line":6,"column":2},"end":{"line":8,"column":5}},"1":{"start":{"line":7,"column":4},"end":{"line":7,"column":32}},"2":{"start":{"line":5,"column":0},"end":{"line":5,"column":7}}},"fnMap":{"0":{"name":"sleep","decl":{"start":{"line":5,"column":22},"end":{"line":5,"column":27}},"loc":{"start":{"line":5,"column":42},"end":{"line":9,"column":1}}},"1":{"name":"(anonymous_1)","decl":{"start":{"line":6,"column":21},"end":{"line":6,"column":22}},"loc":{"start":{"line":6,"column":33},"end":{"line":8,"column":3}}}},"branchMap":{},"s":{"0":37,"1":37,"2":3},"f":{"0":37,"1":37},"b":{}}
,"/Users/dport/a/core/ecosystem/typescript/sdk/v0/src/transaction_builder/builder.ts": {"path":"/Users/dport/a/core/ecosystem/typescript/sdk/v0/src/transaction_builder/builder.ts","statementMap":{"0":{"start":{"line":1,"column":0},"end":{"line":1,"column":32}},"1":{"start":{"line":2,"column":0},"end":{"line":2,"column":33}},"2":{"start":{"line":3,"column":0},"end":{"line":3,"column":null}},"3":{"start":{"line":15,"column":0},"end":{"line":15,"column":42}},"4":{"start":{"line":17,"column":29},"end":{"line":17,"column":52}},"5":{"start":{"line":18,"column":39},"end":{"line":18,"column":70}},"6":{"start":{"line":32,"column":4},"end":{"line":32,"column":43}},"7":{"start":{"line":37,"column":17},"end":{"line":37,"column":39}},"8":{"start":{"line":38,"column":4},"end":{"line":44,"column":null}},"9":{"start":{"line":39,"column":6},"end":{"line":39,"column":53}},"10":{"start":{"line":40,"column":11},"end":{"line":44,"column":null}},"11":{"start":{"line":41,"column":6},"end":{"line":41,"column":63}},"12":{"start":{"line":43,"column":6},"end":{"line":43,"column":51}},"13":{"start":{"line":46,"column":19},"end":{"line":46,"column":53}},"14":{"start":{"line":48,"column":4},"end":{"line":48,"column":59}},"15":{"start":{"line":28,"column":0},"end":{"line":28,"column":13}},"16":{"start":{"line":59,"column":4},"end":{"line":59,"column":27}},"17":{"start":{"line":60,"column":4},"end":{"line":60,"column":31}},"18":{"start":{"line":64,"column":27},"end":{"line":64,"column":71}},"19":{"start":{"line":65,"column":22},"end":{"line":65,"column":58}},"20":{"start":{"line":67,"column":26},"end":{"line":69,"column":null}},"21":{"start":{"line":72,"column":4},"end":{"line":72,"column":56}},"22":{"start":{"line":77,"column":4},"end":{"line":77,"column":49}},"23":{"start":{"line":55,"column":0},"end":{"line":55,"column":13}},"24":{"start":{"line":88,"column":4},"end":{"line":88,"column":27}},"25":{"start":{"line":89,"column":4},"end":{"line":89,"column":31}},"26":{"start":{"line":93,"column":27},"end":{"line":93,"column":71}},"27":{"start":{"line":94,"column":22},"end":{"line":94,"column":58}},"28":{"start":{"line":96,"column":26},"end":{"line":96,"column":118}},"29":{"start":{"line":98,"column":4},"end":{"line":98,"column":56}},"30":{"start":{"line":103,"column":4},"end":{"line":103,"column":49}},"31":{"start":{"line":84,"column":0},"end":{"line":84,"column":13}}},"fnMap":{"0":{"name":"(anonymous_6)","decl":{"start":{"line":31,"column":2},"end":{"line":31,"column":14}},"loc":{"start":{"line":31,"column":32},"end":{"line":33,"column":3}}},"1":{"name":"(anonymous_7)","decl":{"start":{"line":36,"column":2},"end":{"line":36,"column":8}},"loc":{"start":{"line":36,"column":52},"end":{"line":49,"column":3}}},"2":{"name":"(anonymous_8)","decl":{"start":{"line":58,"column":2},"end":{"line":58,"column":14}},"loc":{"start":{"line":58,"column":63},"end":{"line":61,"column":3}}},"3":{"name":"(anonymous_9)","decl":{"start":{"line":63,"column":10},"end":{"line":63,"column":22}},"loc":{"start":{"line":63,"column":45},"end":{"line":73,"column":3}}},"4":{"name":"(anonymous_10)","decl":{"start":{"line":76,"column":2},"end":{"line":76,"column":6}},"loc":{"start":{"line":76,"column":29},"end":{"line":78,"column":3}}},"5":{"name":"(anonymous_11)","decl":{"start":{"line":87,"column":2},"end":{"line":87,"column":14}},"loc":{"start":{"line":87,"column":74},"end":{"line":90,"column":3}}},"6":{"name":"(anonymous_12)","decl":{"start":{"line":92,"column":10},"end":{"line":92,"column":22}},"loc":{"start":{"line":92,"column":45},"end":{"line":99,"column":3}}},"7":{"name":"(anonymous_13)","decl":{"start":{"line":102,"column":2},"end":{"line":102,"column":6}},"loc":{"start":{"line":102,"column":29},"end":{"line":104,"column":3}}}},"branchMap":{"0":{"loc":{"start":{"line":38,"column":4},"end":{"line":44,"column":null}},"type":"if","locations":[{"start":{"line":38,"column":4},"end":{"line":44,"column":null}},{"start":{"line":40,"column":11},"end":{"line":44,"column":null}}]},"1":{"loc":{"start":{"line":40,"column":11},"end":{"line":44,"column":null}},"type":"if","locations":[{"start":{"line":40,"column":11},"end":{"line":44,"column":null}},{"start":{"line":42,"column":11},"end":{"line":44,"column":null}}]}},"s":{"0":5,"1":5,"2":5,"3":5,"4":5,"5":5,"6":311,"7":314,"8":314,"9":311,"10":3,"11":2,"12":1,"13":313,"14":313,"15":5,"16":310,"17":310,"18":310,"19":310,"20":310,"21":310,"22":310,"23":5,"24":1,"25":1,"26":1,"27":1,"28":1,"29":1,"30":1,"31":5},"f":{"0":311,"1":314,"2":310,"3":310,"4":310,"5":1,"6":1,"7":1},"b":{"0":[311,3],"1":[2,1]}}
,"/Users/dport/a/core/ecosystem/typescript/sdk/v0/src/transaction_builder/index.ts": {"path":"/Users/dport/a/core/ecosystem/typescript/sdk/v0/src/transaction_builder/index.ts","statementMap":{"0":{"start":{"line":1,"column":0},"end":{"line":1,"column":26}},"1":{"start":{"line":2,"column":0},"end":{"line":2,"column":29}},"2":{"start":{"line":3,"column":0},"end":{"line":3,"column":49}}},"fnMap":{},"branchMap":{},"s":{"0":4,"1":4,"2":4},"f":{},"b":{}}
,"/Users/dport/a/core/ecosystem/typescript/sdk/v0/src/transaction_builder/bcs/consts.ts": {"path":"/Users/dport/a/core/ecosystem/typescript/sdk/v0/src/transaction_builder/bcs/consts.ts","statementMap":{"0":{"start":{"line":4,"column":13},"end":{"line":4,"column":47}},"1":{"start":{"line":5,"column":13},"end":{"line":5,"column":50}},"2":{"start":{"line":6,"column":13},"end":{"line":6,"column":50}},"3":{"start":{"line":7,"column":13},"end":{"line":7,"column":60}},"4":{"start":{"line":8,"column":13},"end":{"line":8,"column":63}}},"fnMap":{},"branchMap":{},"s":{"0":8,"1":8,"2":8,"3":8,"4":8},"f":{},"b":{}}
,"/Users/dport/a/core/ecosystem/typescript/sdk/v0/src/transaction_builder/bcs/deserializer.ts": {"path":"/Users/dport/a/core/ecosystem/typescript/sdk/v0/src/transaction_builder/bcs/deserializer.ts","statementMap":{"0":{"start":{"line":2,"column":0},"end":{"line":2,"column":42}},"1":{"start":{"line":12,"column":4},"end":{"line":12,"column":47}},"2":{"start":{"line":13,"column":4},"end":{"line":13,"column":45}},"3":{"start":{"line":14,"column":4},"end":{"line":14,"column":20}},"4":{"start":{"line":18,"column":4},"end":{"line":20,"column":null}},"5":{"start":{"line":19,"column":6},"end":{"line":19,"column":54}},"6":{"start":{"line":22,"column":18},"end":{"line":22,"column":70}},"7":{"start":{"line":23,"column":4},"end":{"line":23,"column":26}},"8":{"start":{"line":24,"column":4},"end":{"line":24,"column":17}},"9":{"start":{"line":42,"column":18},"end":{"line":42,"column":41}},"10":{"start":{"line":43,"column":24},"end":{"line":43,"column":41}},"11":{"start":{"line":44,"column":4},"end":{"line":44,"column":37}},"12":{"start":{"line":54,"column":16},"end":{"line":54,"column":46}},"13":{"start":{"line":55,"column":4},"end":{"line":55,"column":42}},"14":{"start":{"line":63,"column":4},"end":{"line":63,"column":42}},"15":{"start":{"line":72,"column":17},"end":{"line":72,"column":48}},"16":{"start":{"line":73,"column":4},"end":{"line":75,"column":null}},"17":{"start":{"line":74,"column":6},"end":{"line":74,"column":47}},"18":{"start":{"line":76,"column":4},"end":{"line":76,"column":22}},"19":{"start":{"line":85,"column":4},"end":{"line":85,"column":50}},"20":{"start":{"line":99,"column":4},"end":{"line":99,"column":57}},"21":{"start":{"line":113,"column":4},"end":{"line":113,"column":57}},"22":{"start":{"line":127,"column":16},"end":{"line":127,"column":37}},"23":{"start":{"line":128,"column":17},"end":{"line":128,"column":38}},"24":{"start":{"line":131,"column":4},"end":{"line":131,"column":62}},"25":{"start":{"line":140,"column":16},"end":{"line":140,"column":37}},"26":{"start":{"line":141,"column":17},"end":{"line":141,"column":38}},"27":{"start":{"line":144,"column":4},"end":{"line":144,"column":46}},"28":{"start":{"line":153,"column":24},"end":{"line":153,"column":26}},"29":{"start":{"line":154,"column":16},"end":{"line":154,"column":17}},"30":{"start":{"line":156,"column":4},"end":{"line":164,"column":null}},"31":{"start":{"line":157,"column":19},"end":{"line":157,"column":39}},"32":{"start":{"line":158,"column":6},"end":{"line":158,"column":52}},"33":{"start":{"line":160,"column":6},"end":{"line":162,"column":null}},"34":{"start":{"line":161,"column":8},"end":{"line":161,"column":14}},"35":{"start":{"line":163,"column":6},"end":{"line":163,"column":17}},"36":{"start":{"line":166,"column":4},"end":{"line":168,"column":null}},"37":{"start":{"line":167,"column":6},"end":{"line":167,"column":77}},"38":{"start":{"line":170,"column":4},"end":{"line":170,"column":25}},"39":{"start":{"line":5,"column":0},"end":{"line":5,"column":13}}},"fnMap":{"0":{"name":"(anonymous_0)","decl":{"start":{"line":10,"column":2},"end":{"line":10,"column":14}},"loc":{"start":{"line":10,"column":25},"end":{"line":15,"column":3}}},"1":{"name":"(anonymous_1)","decl":{"start":{"line":17,"column":10},"end":{"line":17,"column":14}},"loc":{"start":{"line":17,"column":29},"end":{"line":25,"column":3}}},"2":{"name":"(anonymous_2)","decl":{"start":{"line":41,"column":2},"end":{"line":41,"column":16}},"loc":{"start":{"line":41,"column":16},"end":{"line":45,"column":3}}},"3":{"name":"(anonymous_3)","decl":{"start":{"line":53,"column":2},"end":{"line":53,"column":18}},"loc":{"start":{"line":53,"column":18},"end":{"line":56,"column":3}}},"4":{"name":"(anonymous_4)","decl":{"start":{"line":62,"column":2},"end":{"line":62,"column":23}},"loc":{"start":{"line":62,"column":35},"end":{"line":64,"column":3}}},"5":{"name":"(anonymous_5)","decl":{"start":{"line":71,"column":2},"end":{"line":71,"column":17}},"loc":{"start":{"line":71,"column":17},"end":{"line":77,"column":3}}},"6":{"name":"(anonymous_6)","decl":{"start":{"line":84,"column":2},"end":{"line":84,"column":15}},"loc":{"start":{"line":84,"column":15},"end":{"line":86,"column":3}}},"7":{"name":"(anonymous_7)","decl":{"start":{"line":98,"column":2},"end":{"line":98,"column":16}},"loc":{"start":{"line":98,"column":16},"end":{"line":100,"column":3}}},"8":{"name":"(anonymous_8)","decl":{"start":{"line":112,"column":2},"end":{"line":112,"column":16}},"loc":{"start":{"line":112,"column":16},"end":{"line":114,"column":3}}},"9":{"name":"(anonymous_9)","decl":{"start":{"line":126,"column":2},"end":{"line":126,"column":16}},"loc":{"start":{"line":126,"column":16},"end":{"line":132,"column":3}}},"10":{"name":"(anonymous_10)","decl":{"start":{"line":139,"column":2},"end":{"line":139,"column":17}},"loc":{"start":{"line":139,"column":17},"end":{"line":145,"column":3}}},"11":{"name":"(anonymous_11)","decl":{"start":{"line":152,"column":2},"end":{"line":152,"column":25}},"loc":{"start":{"line":152,"column":25},"end":{"line":171,"column":3}}}},"branchMap":{"0":{"loc":{"start":{"line":18,"column":4},"end":{"line":20,"column":null}},"type":"if","locations":[{"start":{"line":18,"column":4},"end":{"line":20,"column":null}}]},"1":{"loc":{"start":{"line":73,"column":4},"end":{"line":75,"column":null}},"type":"if","locations":[{"start":{"line":73,"column":4},"end":{"line":75,"column":null}}]},"2":{"loc":{"start":{"line":73,"column":8},"end":{"line":73,"column":32}},"type":"binary-expr","locations":[{"start":{"line":73,"column":8},"end":{"line":73,"column":18}},{"start":{"line":73,"column":22},"end":{"line":73,"column":32}}]},"3":{"loc":{"start":{"line":160,"column":6},"end":{"line":162,"column":null}},"type":"if","locations":[{"start":{"line":160,"column":6},"end":{"line":162,"column":null}}]},"4":{"loc":{"start":{"line":166,"column":4},"end":{"line":168,"column":null}},"type":"if","locations":[{"start":{"line":166,"column":4},"end":{"line":168,"column":null}}]}},"s":{"0":7,"1":23,"2":23,"3":23,"4":50,"5":1,"6":49,"7":49,"8":49,"9":4,"10":3,"11":3,"12":6,"13":5,"14":4,"15":3,"16":3,"17":1,"18":2,"19":22,"20":2,"21":14,"22":6,"23":6,"24":6,"25":2,"26":2,"27":2,"28":10,"29":10,"30":10,"31":21,"32":20,"33":20,"34":9,"35":11,"36":9,"37":1,"38":8,"39":7},"f":{"0":23,"1":50,"2":4,"3":6,"4":4,"5":3,"6":22,"7":2,"8":14,"9":6,"10":2,"11":10},"b":{"0":[1],"1":[1],"2":[3,2],"3":[9],"4":[1]}}
,"/Users/dport/a/core/ecosystem/typescript/sdk/v0/src/transaction_builder/bcs/helper.ts": {"path":"/Users/dport/a/core/ecosystem/typescript/sdk/v0/src/transaction_builder/bcs/helper.ts","statementMap":{"0":{"start":{"line":2,"column":0},"end":{"line":2,"column":42}},"1":{"start":{"line":13,"column":2},"end":{"line":13,"column":49}},"2":{"start":{"line":14,"column":2},"end":{"line":16,"column":5}},"3":{"start":{"line":15,"column":4},"end":{"line":15,"column":31}},"4":{"start":{"line":12,"column":0},"end":{"line":12,"column":16}},"5":{"start":{"line":23,"column":17},"end":{"line":23,"column":55}},"6":{"start":{"line":24,"column":32},"end":{"line":24,"column":34}},"7":{"start":{"line":25,"column":2},"end":{"line":27,"column":null}},"8":{"start":{"line":25,"column":15},"end":{"line":25,"column":16}},"9":{"start":{"line":26,"column":4},"end":{"line":26,"column":45}},"10":{"start":{"line":28,"column":2},"end":{"line":28,"column":14}},"11":{"start":{"line":22,"column":0},"end":{"line":22,"column":16}},"12":{"start":{"line":32,"column":21},"end":{"line":32,"column":37}},"13":{"start":{"line":33,"column":2},"end":{"line":33,"column":30}},"14":{"start":{"line":34,"column":2},"end":{"line":34,"column":31}},"15":{"start":{"line":31,"column":0},"end":{"line":31,"column":16}},"16":{"start":{"line":38,"column":21},"end":{"line":38,"column":37}},"17":{"start":{"line":39,"column":2},"end":{"line":39,"column":33}},"18":{"start":{"line":40,"column":2},"end":{"line":40,"column":31}},"19":{"start":{"line":37,"column":0},"end":{"line":37,"column":16}},"20":{"start":{"line":44,"column":21},"end":{"line":44,"column":37}},"21":{"start":{"line":45,"column":2},"end":{"line":45,"column":33}},"22":{"start":{"line":46,"column":2},"end":{"line":46,"column":31}},"23":{"start":{"line":43,"column":0},"end":{"line":43,"column":16}}},"fnMap":{"0":{"name":"serializeVector","decl":{"start":{"line":12,"column":16},"end":{"line":12,"column":31}},"loc":{"start":{"line":12,"column":93},"end":{"line":17,"column":1}}},"1":{"name":"(anonymous_1)","decl":{"start":{"line":14,"column":16},"end":{"line":14,"column":17}},"loc":{"start":{"line":14,"column":28},"end":{"line":16,"column":3}}},"2":{"name":"deserializeVector","decl":{"start":{"line":22,"column":16},"end":{"line":22,"column":33}},"loc":{"start":{"line":22,"column":70},"end":{"line":29,"column":1}}},"3":{"name":"bcsToBytes","decl":{"start":{"line":31,"column":16},"end":{"line":31,"column":26}},"loc":{"start":{"line":31,"column":59},"end":{"line":35,"column":1}}},"4":{"name":"bcsSerializeUint64","decl":{"start":{"line":37,"column":16},"end":{"line":37,"column":34}},"loc":{"start":{"line":37,"column":51},"end":{"line":41,"column":1}}},"5":{"name":"bcsSerializeStr","decl":{"start":{"line":43,"column":16},"end":{"line":43,"column":31}},"loc":{"start":{"line":43,"column":45},"end":{"line":47,"column":1}}}},"branchMap":{},"s":{"0":6,"1":2346,"2":2346,"3":3064,"4":6,"5":1,"6":1,"7":1,"8":1,"9":2,"10":1,"11":6,"12":633,"13":633,"14":633,"15":6,"16":7,"17":7,"18":7,"19":6,"20":2,"21":2,"22":2,"23":6},"f":{"0":2346,"1":3064,"2":1,"3":633,"4":7,"5":2},"b":{}}
,"/Users/dport/a/core/ecosystem/typescript/sdk/v0/src/transaction_builder/bcs/index.ts": {"path":"/Users/dport/a/core/ecosystem/typescript/sdk/v0/src/transaction_builder/bcs/index.ts","statementMap":{"0":{"start":{"line":1,"column":0},"end":{"line":1,"column":24}},"1":{"start":{"line":2,"column":0},"end":{"line":2,"column":29}},"2":{"start":{"line":3,"column":0},"end":{"line":3,"column":31}},"3":{"start":{"line":4,"column":0},"end":{"line":4,"column":25}}},"fnMap":{},"branchMap":{},"s":{"0":6,"1":6,"2":6,"3":6},"f":{},"b":{}}
,"/Users/dport/a/core/ecosystem/typescript/sdk/v0/src/transaction_builder/bcs/serializer.ts": {"path":"/Users/dport/a/core/ecosystem/typescript/sdk/v0/src/transaction_builder/bcs/serializer.ts","statementMap":{"0":{"start":{"line":2,"column":0},"end":{"line":2,"column":108}},"1":{"start":{"line":11,"column":4},"end":{"line":11,"column":38}},"2":{"start":{"line":12,"column":4},"end":{"line":12,"column":20}},"3":{"start":{"line":16,"column":4},"end":{"line":20,"column":null}},"4":{"start":{"line":17,"column":24},"end":{"line":17,"column":67}},"5":{"start":{"line":18,"column":6},"end":{"line":18,"column":65}},"6":{"start":{"line":19,"column":6},"end":{"line":19,"column":30}},"7":{"start":{"line":24,"column":4},"end":{"line":24,"column":51}},"8":{"start":{"line":25,"column":4},"end":{"line":25,"column":57}},"9":{"start":{"line":26,"column":4},"end":{"line":26,"column":33}},"10":{"start":{"line":34,"column":4},"end":{"line":34,"column":49}},"11":{"start":{"line":35,"column":15},"end":{"line":35,"column":53}},"12":{"start":{"line":36,"column":4},"end":{"line":36,"column":35}},"13":{"start":{"line":37,"column":4},"end":{"line":37,"column":31}},"14":{"start":{"line":56,"column":24},"end":{"line":56,"column":41}},"15":{"start":{"line":57,"column":4},"end":{"line":57,"column":51}},"16":{"start":{"line":67,"column":4},"end":{"line":67,"column":45}},"17":{"start":{"line":68,"column":4},"end":{"line":68,"column":26}},"18":{"start":{"line":77,"column":4},"end":{"line":77,"column":26}},"19":{"start":{"line":86,"column":4},"end":{"line":88,"column":null}},"20":{"start":{"line":87,"column":6},"end":{"line":87,"column":53}},"21":{"start":{"line":89,"column":22},"end":{"line":89,"column":35}},"22":{"start":{"line":90,"column":4},"end":{"line":90,"column":48}},"23":{"start":{"line":100,"column":4},"end":{"line":100,"column":44}},"24":{"start":{"line":116,"column":4},"end":{"line":116,"column":71}},"25":{"start":{"line":132,"column":4},"end":{"line":132,"column":71}},"26":{"start":{"line":148,"column":16},"end":{"line":148,"column":65}},"27":{"start":{"line":149,"column":17},"end":{"line":149,"column":55}},"28":{"start":{"line":152,"column":4},"end":{"line":152,"column":35}},"29":{"start":{"line":153,"column":4},"end":{"line":153,"column":36}},"30":{"start":{"line":163,"column":16},"end":{"line":163,"column":58}},"31":{"start":{"line":164,"column":17},"end":{"line":164,"column":55}},"32":{"start":{"line":167,"column":4},"end":{"line":167,"column":27}},"33":{"start":{"line":168,"column":4},"end":{"line":168,"column":28}},"34":{"start":{"line":178,"column":16},"end":{"line":178,"column":19}},"35":{"start":{"line":179,"column":23},"end":{"line":179,"column":25}},"36":{"start":{"line":180,"column":4},"end":{"line":183,"column":null}},"37":{"start":{"line":181,"column":6},"end":{"line":181,"column":45}},"38":{"start":{"line":182,"column":6},"end":{"line":182,"column":19}},"39":{"start":{"line":184,"column":4},"end":{"line":184,"column":27}},"40":{"start":{"line":185,"column":4},"end":{"line":185,"column":47}},"41":{"start":{"line":192,"column":4},"end":{"line":192,"column":61}},"42":{"start":{"line":99,"column":2},"end":{"line":101,"column":null}},"43":{"start":{"line":115,"column":2},"end":{"line":117,"column":null}},"44":{"start":{"line":131,"column":2},"end":{"line":133,"column":null}},"45":{"start":{"line":147,"column":2},"end":{"line":154,"column":null}},"46":{"start":{"line":162,"column":2},"end":{"line":169,"column":null}},"47":{"start":{"line":177,"column":2},"end":{"line":186,"column":null}},"48":{"start":{"line":5,"column":0},"end":{"line":5,"column":13}},"49":{"start":{"line":203,"column":2},"end":{"line":214,"column":4}},"50":{"start":{"line":204,"column":26},"end":{"line":204,"column":42}},"51":{"start":{"line":206,"column":4},"end":{"line":212,"column":6}},"52":{"start":{"line":207,"column":26},"end":{"line":207,"column":50}},"53":{"start":{"line":208,"column":6},"end":{"line":210,"column":null}},"54":{"start":{"line":209,"column":8},"end":{"line":209,"column":60}},"55":{"start":{"line":211,"column":6},"end":{"line":211,"column":41}},"56":{"start":{"line":213,"column":4},"end":{"line":213,"column":22}}},"fnMap":{"0":{"name":"(anonymous_1)","decl":{"start":{"line":10,"column":2},"end":{"line":10,"column":null}},"loc":{"start":{"line":10,"column":2},"end":{"line":13,"column":3}}},"1":{"name":"(anonymous_2)","decl":{"start":{"line":15,"column":10},"end":{"line":15,"column":36}},"loc":{"start":{"line":15,"column":50},"end":{"line":21,"column":3}}},"2":{"name":"(anonymous_3)","decl":{"start":{"line":23,"column":12},"end":{"line":23,"column":21}},"loc":{"start":{"line":23,"column":35},"end":{"line":27,"column":3}}},"3":{"name":"(anonymous_4)","decl":{"start":{"line":29,"column":10},"end":{"line":29,"column":31}},"loc":{"start":{"line":32,"column":17},"end":{"line":38,"column":3}}},"4":{"name":"(anonymous_5)","decl":{"start":{"line":55,"column":2},"end":{"line":55,"column":14}},"loc":{"start":{"line":55,"column":28},"end":{"line":58,"column":3}}},"5":{"name":"(anonymous_6)","decl":{"start":{"line":66,"column":2},"end":{"line":66,"column":16}},"loc":{"start":{"line":66,"column":29},"end":{"line":69,"column":3}}},"6":{"name":"(anonymous_7)","decl":{"start":{"line":76,"column":2},"end":{"line":76,"column":21}},"loc":{"start":{"line":76,"column":34},"end":{"line":78,"column":3}}},"7":{"name":"(anonymous_8)","decl":{"start":{"line":85,"column":2},"end":{"line":85,"column":15}},"loc":{"start":{"line":85,"column":30},"end":{"line":91,"column":3}}},"8":{"name":"(anonymous_9)","decl":{"start":{"line":99,"column":2},"end":{"line":99,"column":13}},"loc":{"start":{"line":99,"column":26},"end":{"line":101,"column":3}}},"9":{"name":"(anonymous_10)","decl":{"start":{"line":115,"column":2},"end":{"line":115,"column":14}},"loc":{"start":{"line":115,"column":28},"end":{"line":117,"column":3}}},"10":{"name":"(anonymous_11)","decl":{"start":{"line":131,"column":2},"end":{"line":131,"column":14}},"loc":{"start":{"line":131,"column":28},"end":{"line":133,"column":3}}},"11":{"name":"(anonymous_12)","decl":{"start":{"line":147,"column":2},"end":{"line":147,"column":14}},"loc":{"start":{"line":147,"column":31},"end":{"line":154,"column":3}}},"12":{"name":"(anonymous_13)","decl":{"start":{"line":162,"column":2},"end":{"line":162,"column":15}},"loc":{"start":{"line":162,"column":32},"end":{"line":169,"column":3}}},"13":{"name":"(anonymous_14)","decl":{"start":{"line":177,"column":2},"end":{"line":177,"column":23}},"loc":{"start":{"line":177,"column":35},"end":{"line":186,"column":3}}},"14":{"name":"(anonymous_15)","decl":{"start":{"line":191,"column":2},"end":{"line":191,"column":10}},"loc":{"start":{"line":191,"column":10},"end":{"line":193,"column":3}}},"15":{"name":"checkNumberRange","decl":{"start":{"line":202,"column":9},"end":{"line":202,"column":25}},"loc":{"start":{"line":202,"column":89},"end":{"line":215,"column":1}}},"16":{"name":"(anonymous_17)","decl":{"start":{"line":203,"column":9},"end":{"line":203,"column":10}},"loc":{"start":{"line":203,"column":82},"end":{"line":214,"column":3}}},"17":{"name":"deco","decl":{"start":{"line":206,"column":32},"end":{"line":206,"column":36}},"loc":{"start":{"line":206,"column":53},"end":{"line":212,"column":5}}}},"branchMap":{"0":{"loc":{"start":{"line":86,"column":4},"end":{"line":88,"column":null}},"type":"if","locations":[{"start":{"line":86,"column":4},"end":{"line":88,"column":null}}]},"1":{"loc":{"start":{"line":89,"column":22},"end":{"line":89,"column":35}},"type":"cond-expr","locations":[{"start":{"line":89,"column":30},"end":{"line":89,"column":31}},{"start":{"line":89,"column":34},"end":{"line":89,"column":35}}]},"2":{"loc":{"start":{"line":208,"column":6},"end":{"line":210,"column":null}},"type":"if","locations":[{"start":{"line":208,"column":6},"end":{"line":210,"column":null}}]},"3":{"loc":{"start":{"line":208,"column":10},"end":{"line":208,"column":96}},"type":"binary-expr","locations":[{"start":{"line":208,"column":10},"end":{"line":208,"column":51}},{"start":{"line":208,"column":55},"end":{"line":208,"column":96}}]},"4":{"loc":{"start":{"line":209,"column":24},"end":{"line":209,"column":58}},"type":"binary-expr","locations":[{"start":{"line":209,"column":24},"end":{"line":209,"column":31}},{"start":{"line":209,"column":35},"end":{"line":209,"column":58}}]}},"s":{"0":7,"1":674,"2":674,"3":28358,"4":1664,"5":1664,"6":1664,"7":22248,"8":22248,"9":22248,"10":6110,"11":6110,"12":6110,"13":6110,"14":3450,"15":3450,"16":5528,"17":5528,"18":2499,"19":177,"20":1,"21":176,"22":176,"23":788,"24":2,"25":6108,"26":3053,"27":3053,"28":3053,"29":3053,"30":174,"31":174,"32":174,"33":174,"34":13257,"35":13257,"36":13257,"37":4,"38":4,"39":13257,"40":13257,"41":661,"42":7,"43":7,"44":7,"45":7,"46":7,"47":7,"48":7,"49":42,"50":42,"51":42,"52":23394,"53":23394,"54":12,"55":23382,"56":42},"f":{"0":674,"1":28358,"2":22248,"3":6110,"4":3450,"5":5528,"6":2499,"7":177,"8":788,"9":2,"10":6108,"11":3053,"12":174,"13":13257,"14":661,"15":42,"16":42,"17":23394},"b":{"0":[1],"1":[69,107],"2":[12],"3":[23394,23388],"4":[12,12]}}
}
