TN:
SF:src/aptos_account.ts
FN:41,(anonymous_6)
FN:29,(anonymous_7)
FN:56,(anonymous_8)
FN:66,(anonymous_9)
FN:81,(anonymous_10)
FN:90,(anonymous_11)
FN:100,(anonymous_12)
FN:118,(anonymous_13)
FNF:8
FNH:8
FNDA:24,(anonymous_6)
FNDA:4,(anonymous_7)
FNDA:89,(anonymous_8)
FNDA:24,(anonymous_9)
FNDA:15,(anonymous_10)
FNDA:15,(anonymous_11)
FNDA:10,(anonymous_12)
FNDA:1,(anonymous_13)
DA:1,4
DA:2,4
DA:3,4
DA:4,4
DA:16,4
DA:30,4
DA:42,24
DA:43,4
DA:45,20
DA:47,24
DA:57,89
DA:67,24
DA:68,21
DA:69,21
DA:70,21
DA:71,21
DA:73,24
DA:82,15
DA:91,15
DA:92,15
DA:101,10
DA:102,10
DA:119,1
LF:23
LH:23
BRDA:42,0,0,4
BRDA:42,0,1,20
BRDA:47,1,0,24
BRDA:47,1,1,20
BRDA:67,2,0,21
BRF:5
BRH:5
end_of_record
TN:
SF:src/aptos_client.ts
FN:20,(anonymous_1)
FN:22,(anonymous_2)
FN:32,raiseForStatus
FN:69,(anonymous_4)
FN:76,(anonymous_5)
FN:99,(anonymous_6)
FN:113,(anonymous_7)
FN:130,(anonymous_8)
FN:148,(anonymous_9)
FN:171,(anonymous_10)
FN:194,(anonymous_11)
FN:209,(anonymous_12)
FN:210,(anonymous_13)
FN:220,(anonymous_14)
FN:222,(anonymous_15)
FN:250,(anonymous_16)
FN:277,(anonymous_17)
FN:291,(anonymous_18)
FN:313,(anonymous_19)
FN:332,(anonymous_20)
FN:353,(anonymous_21)
FN:360,(anonymous_22)
FN:382,(anonymous_23)
FN:404,(anonymous_24)
FN:428,(anonymous_25)
FN:443,(anonymous_26)
FN:461,(anonymous_27)
FN:484,(anonymous_28)
FN:511,(anonymous_29)
FN:526,(anonymous_30)
FN:542,(anonymous_31)
FNF:31
FNH:31
FNDA:4,(anonymous_1)
FNDA:8,(anonymous_2)
FNDA:175,raiseForStatus
FNDA:21,(anonymous_4)
FNDA:171,(anonymous_5)
FNDA:15,(anonymous_6)
FNDA:1,(anonymous_7)
FNDA:1,(anonymous_8)
FNDA:1,(anonymous_9)
FNDA:21,(anonymous_10)
FNDA:10,(anonymous_11)
FNDA:1,(anonymous_12)
FNDA:1,(anonymous_13)
FNDA:1,(anonymous_14)
FNDA:1,(anonymous_15)
FNDA:10,(anonymous_16)
FNDA:9,(anonymous_17)
FNDA:9,(anonymous_18)
FNDA:1,(anonymous_19)
FNDA:2,(anonymous_20)
FNDA:9,(anonymous_21)
FNDA:1,(anonymous_22)
FNDA:3,(anonymous_23)
FNDA:1,(anonymous_24)
FNDA:1,(anonymous_25)
FNDA:5,(anonymous_26)
FNDA:74,(anonymous_27)
FNDA:37,(anonymous_28)
FNDA:5,(anonymous_29)
FNDA:4,(anonymous_30)
FNDA:10,(anonymous_31)
DA:2,3
DA:3,3
DA:4,3
DA:5,3
DA:6,3
DA:7,3
DA:8,3
DA:11,3
DA:13,3
DA:15,3
DA:21,4
DA:22,8
DA:23,4
DA:24,4
DA:25,4
DA:26,4
DA:32,3
DA:37,175
DA:38,4
DA:39,2
DA:41,2
DA:49,3
DA:70,21
DA:73,21
DA:76,171
DA:81,21
DA:82,21
DA:83,21
DA:84,21
DA:100,15
DA:101,15
DA:102,15
DA:117,1
DA:118,1
DA:119,1
DA:134,1
DA:135,1
DA:136,1
DA:153,1
DA:154,1
DA:155,1
DA:175,21
DA:176,21
DA:177,21
DA:199,10
DA:204,10
DA:205,10
DA:210,1
DA:212,1
DA:213,1
DA:216,1
DA:222,1
DA:224,1
DA:225,1
DA:228,1
DA:255,10
DA:256,10
DA:257,10
DA:278,9
DA:279,9
DA:281,9
DA:282,9
DA:295,9
DA:296,9
DA:298,9
DA:304,9
DA:314,1
DA:315,1
DA:316,1
DA:338,2
DA:344,2
DA:345,2
DA:354,9
DA:355,9
DA:356,9
DA:364,1
DA:371,1
DA:372,1
DA:373,1
DA:374,1
DA:384,3
DA:386,3
DA:395,3
DA:396,3
DA:406,1
DA:408,1
DA:417,1
DA:418,1
DA:429,1
DA:430,1
DA:431,1
DA:444,5
DA:445,5
DA:446,5
DA:462,74
DA:464,74
DA:465,0
DA:467,74
DA:468,74
DA:485,37
DA:487,37
DA:489,37
DA:490,37
DA:491,37
DA:492,0
DA:512,5
DA:518,5
DA:526,3
DA:527,4
DA:528,4
DA:543,10
DA:544,10
LF:112
LH:110
BRDA:23,0,0,2
BRDA:23,0,1,2
BRDA:23,1,0,2
BRDA:23,1,1,2
BRDA:37,2,0,4
BRDA:38,3,0,2
BRDA:77,4,0,21
BRDA:77,4,1,21
BRDA:266,5,0,10
BRDA:266,5,1,2
BRDA:464,6,0,0
BRDA:491,7,0,0
BRDA:511,8,0,1
BRDA:526,9,0,4
BRF:14
BRH:12
end_of_record
TN:
SF:src/faucet_client.ts
FN:20,(anonymous_1)
FN:32,(anonymous_2)
FN:34,(anonymous_3)
FNF:3
FNH:3
FNDA:7,(anonymous_1)
FNDA:14,(anonymous_2)
FNDA:14,(anonymous_3)
DA:2,3
DA:3,3
DA:5,3
DA:10,3
DA:21,7
DA:22,7
DA:33,14
DA:34,14
DA:35,14
DA:37,14
DA:38,14
DA:39,14
DA:40,25
DA:41,25
DA:43,14
DA:44,14
LF:16
LH:16
BRF:0
BRH:0
end_of_record
TN:
SF:src/hex_string.ts
FN:62,(anonymous_0)
FN:20,(anonymous_1)
FN:29,(anonymous_2)
FN:45,(anonymous_3)
FN:74,(anonymous_4)
FN:87,(anonymous_5)
FN:95,(anonymous_6)
FN:107,(anonymous_7)
FN:116,(anonymous_8)
FN:124,(anonymous_9)
FNF:10
FNH:10
FNDA:2403,(anonymous_0)
FNDA:7,(anonymous_1)
FNDA:6,(anonymous_2)
FNDA:1400,(anonymous_3)
FNDA:151,(anonymous_4)
FNDA:3589,(anonymous_5)
FNDA:8,(anonymous_6)
FNDA:10,(anonymous_7)
FNDA:2301,(anonymous_8)
FNDA:2289,(anonymous_9)
DA:1,10
DA:11,10
DA:21,7
DA:30,6
DA:46,1400
DA:47,1224
DA:49,176
DA:63,2403
DA:64,81
DA:66,2322
DA:75,151
DA:88,3589
DA:96,8
DA:108,10
DA:109,10
DA:117,2301
DA:125,2289
LF:17
LH:17
BRDA:63,0,0,81
BRDA:63,0,1,2322
BRDA:46,1,0,1224
BRF:3
BRH:3
end_of_record
TN:
SF:src/token_client.ts
FN:16,(anonymous_0)
FN:26,(anonymous_1)
FN:44,(anonymous_2)
FN:75,(anonymous_3)
FN:112,(anonymous_4)
FN:145,(anonymous_5)
FN:171,(anonymous_6)
FN:208,(anonymous_7)
FN:210,(anonymous_8)
FN:245,(anonymous_9)
FN:271,(anonymous_10)
FN:300,(anonymous_11)
FNF:12
FNH:12
FNDA:2,(anonymous_0)
FNDA:8,(anonymous_1)
FNDA:2,(anonymous_2)
FNDA:2,(anonymous_3)
FNDA:2,(anonymous_4)
FNDA:1,(anonymous_5)
FNDA:1,(anonymous_6)
FNDA:1,(anonymous_7)
FNDA:5,(anonymous_8)
FNDA:1,(anonymous_9)
FNDA:6,(anonymous_10)
FNDA:7,(anonymous_11)
DA:4,2
DA:9,2
DA:17,2
DA:27,8
DA:30,8
DA:31,8
DA:32,8
DA:33,8
DA:50,2
DA:60,2
DA:61,2
DA:84,2
DA:98,2
DA:99,2
DA:120,2
DA:132,2
DA:133,2
DA:152,1
DA:158,1
DA:159,1
DA:178,1
DA:184,1
DA:185,1
DA:209,1
DA:210,5
DA:211,1
DA:212,1
DA:218,1
DA:219,1
DA:246,1
DA:250,1
DA:251,1
DA:257,1
DA:263,1
DA:264,1
DA:272,6
DA:301,7
DA:305,7
DA:307,7
DA:313,7
DA:314,7
LF:41
LH:41
BRDA:273,0,0,0
BRDA:273,0,1,6
BRF:2
BRH:1
end_of_record
TN:
SF:src/util.ts
FN:5,sleep
FN:6,(anonymous_1)
FNF:2
FNH:2
FNDA:37,sleep
FNDA:37,(anonymous_1)
DA:5,3
DA:6,37
DA:7,37
LF:3
LH:3
BRF:0
BRH:0
end_of_record
TN:
SF:src/transaction_builder/builder.ts
FN:31,(anonymous_6)
FN:36,(anonymous_7)
FN:58,(anonymous_8)
FN:63,(anonymous_9)
FN:76,(anonymous_10)
FN:87,(anonymous_11)
FN:92,(anonymous_12)
FN:102,(anonymous_13)
FNF:8
FNH:8
FNDA:311,(anonymous_6)
FNDA:314,(anonymous_7)
FNDA:310,(anonymous_8)
FNDA:310,(anonymous_9)
FNDA:310,(anonymous_10)
FNDA:1,(anonymous_11)
FNDA:1,(anonymous_12)
FNDA:1,(anonymous_13)
DA:1,5
DA:2,5
DA:3,5
DA:15,5
DA:17,5
DA:18,5
DA:28,5
DA:32,311
DA:37,314
DA:38,314
DA:39,311
DA:40,3
DA:41,2
DA:43,1
DA:46,313
DA:48,313
DA:55,5
DA:59,310
DA:60,310
DA:64,310
DA:65,310
DA:67,310
DA:72,310
DA:77,310
DA:84,5
DA:88,1
DA:89,1
DA:93,1
DA:94,1
DA:96,1
DA:98,1
DA:103,1
LF:32
LH:32
BRDA:38,0,0,311
BRDA:38,0,1,3
BRDA:40,1,0,2
BRDA:40,1,1,1
BRF:4
BRH:4
end_of_record
TN:
SF:src/transaction_builder/index.ts
FNF:0
FNH:0
DA:1,4
DA:2,4
DA:3,4
LF:3
LH:3
BRF:0
BRH:0
end_of_record
TN:
SF:src/transaction_builder/bcs/consts.ts
FNF:0
FNH:0
DA:4,8
DA:5,8
DA:6,8
DA:7,8
DA:8,8
LF:5
LH:5
BRF:0
BRH:0
end_of_record
TN:
SF:src/transaction_builder/bcs/deserializer.ts
FN:10,(anonymous_0)
FN:17,(anonymous_1)
FN:41,(anonymous_2)
FN:53,(anonymous_3)
FN:62,(anonymous_4)
FN:71,(anonymous_5)
FN:84,(anonymous_6)
FN:98,(anonymous_7)
FN:112,(anonymous_8)
FN:126,(anonymous_9)
FN:139,(anonymous_10)
FN:152,(anonymous_11)
FNF:12
FNH:12
FNDA:23,(anonymous_0)
FNDA:50,(anonymous_1)
FNDA:4,(anonymous_2)
FNDA:6,(anonymous_3)
FNDA:4,(anonymous_4)
FNDA:3,(anonymous_5)
FNDA:22,(anonymous_6)
FNDA:2,(anonymous_7)
FNDA:14,(anonymous_8)
FNDA:6,(anonymous_9)
FNDA:2,(anonymous_10)
FNDA:10,(anonymous_11)
DA:2,7
DA:5,7
DA:12,23
DA:13,23
DA:14,23
DA:18,50
DA:19,1
DA:22,49
DA:23,49
DA:24,49
DA:42,4
DA:43,3
DA:44,3
DA:54,6
DA:55,5
DA:63,4
DA:72,3
DA:73,3
DA:74,1
DA:76,2
DA:85,22
DA:99,2
DA:113,14
DA:127,6
DA:128,6
DA:131,6
DA:140,2
DA:141,2
DA:144,2
DA:153,10
DA:154,10
DA:156,10
DA:157,21
DA:158,20
DA:160,20
DA:161,9
DA:163,11
DA:166,9
DA:167,1
DA:170,8
LF:40
LH:40
BRDA:18,0,0,1
BRDA:73,1,0,1
BRDA:73,2,0,3
BRDA:73,2,1,2
BRDA:160,3,0,9
BRDA:166,4,0,1
BRF:6
BRH:6
end_of_record
TN:
SF:src/transaction_builder/bcs/helper.ts
FN:12,serializeVector
FN:14,(anonymous_1)
FN:22,deserializeVector
FN:31,bcsToBytes
FN:37,bcsSerializeUint64
FN:43,bcsSerializeStr
FNF:6
FNH:6
FNDA:2346,serializeVector
FNDA:3064,(anonymous_1)
FNDA:1,deserializeVector
FNDA:633,bcsToBytes
FNDA:7,bcsSerializeUint64
FNDA:2,bcsSerializeStr
DA:2,6
DA:12,6
DA:13,2346
DA:14,2346
DA:15,3064
DA:22,6
DA:23,1
DA:24,1
DA:25,1
DA:26,2
DA:28,1
DA:31,6
DA:32,633
DA:33,633
DA:34,633
DA:37,6
DA:38,7
DA:39,7
DA:40,7
DA:43,6
DA:44,2
DA:45,2
DA:46,2
LF:23
LH:23
BRF:0
BRH:0
end_of_record
TN:
SF:src/transaction_builder/bcs/index.ts
FNF:0
FNH:0
DA:1,6
DA:2,6
DA:3,6
DA:4,6
LF:4
LH:4
BRF:0
BRH:0
end_of_record
TN:
SF:src/transaction_builder/bcs/serializer.ts
FN:10,(anonymous_1)
FN:15,(anonymous_2)
FN:23,(anonymous_3)
FN:29,(anonymous_4)
FN:55,(anonymous_5)
FN:66,(anonymous_6)
FN:76,(anonymous_7)
FN:85,(anonymous_8)
FN:99,(anonymous_9)
FN:115,(anonymous_10)
FN:131,(anonymous_11)
FN:147,(anonymous_12)
FN:162,(anonymous_13)
FN:177,(anonymous_14)
FN:191,(anonymous_15)
FN:202,checkNumberRange
FN:203,(anonymous_17)
FN:206,deco
FNF:18
FNH:18
FNDA:674,(anonymous_1)
FNDA:28358,(anonymous_2)
FNDA:22248,(anonymous_3)
FNDA:6110,(anonymous_4)
FNDA:3450,(anonymous_5)
FNDA:5528,(anonymous_6)
FNDA:2499,(anonymous_7)
FNDA:177,(anonymous_8)
FNDA:788,(anonymous_9)
FNDA:2,(anonymous_10)
FNDA:6108,(anonymous_11)
FNDA:3053,(anonymous_12)
FNDA:174,(anonymous_13)
FNDA:13257,(anonymous_14)
FNDA:661,(anonymous_15)
FNDA:42,checkNumberRange
FNDA:42,(anonymous_17)
FNDA:23394,deco
DA:2,7
DA:5,7
DA:11,674
DA:12,674
DA:16,28358
DA:17,1664
DA:18,1664
DA:19,1664
DA:24,22248
DA:25,22248
DA:26,22248
DA:34,6110
DA:35,6110
DA:36,6110
DA:37,6110
DA:56,3450
DA:57,3450
DA:67,5528
DA:68,5528
DA:77,2499
DA:86,177
DA:87,1
DA:89,176
DA:90,176
DA:99,7
DA:100,788
DA:115,7
DA:116,2
DA:131,7
DA:132,6108
DA:147,7
DA:148,3053
DA:149,3053
DA:152,3053
DA:153,3053
DA:162,7
DA:163,174
DA:164,174
DA:167,174
DA:168,174
DA:177,7
DA:178,13257
DA:179,13257
DA:180,13257
DA:181,4
DA:182,4
DA:184,13257
DA:185,13257
DA:192,661
DA:203,42
DA:204,42
DA:206,42
DA:207,23394
DA:208,23394
DA:209,12
DA:211,23382
DA:213,42
LF:57
LH:57
BRDA:86,0,0,1
BRDA:89,1,0,69
BRDA:89,1,1,107
BRDA:208,2,0,12
BRDA:208,3,0,23394
BRDA:208,3,1,23388
BRDA:209,4,0,12
BRDA:209,4,1,12
BRF:8
BRH:8
end_of_record
